OpenROAD 9f7714859944860f802c7c961ba83ab4ae83849f 
Features included (+) or not (-): +GPU +GUI +Python
This program is licensed under the BSD-3 license. See the LICENSE file for details.
Components of this program may be licensed under more restrictive licenses which must be honored.
[INFO ORD-0030] Using 16 thread(s).
read_liberty /home/pvc/openroad/Digital-PLL/openroad/OpenROAD-flow-scripts/flow/platforms/gf180/lib/gf180mcu_fd_sc_mcu7t5v0__ff_n40C_3v60.lib.gz
read_db ./results/gf180/pll_ring_osc2x13/base/2_floorplan.odb
global_placement -skip_io -density 0.55 -pad_left 0 -pad_right 0
[INFO GPL-0005] Execute conjugate gradient initial placement.
[INFO GPL-0002] DBU: 2000
[INFO GPL-0003] SiteSize: (  0.560  3.920 ) um
[INFO GPL-0004] CoreBBox: (  2.240  3.920 ) ( 123.760 121.520 ) um
[INFO GPL-0006] Number of instances:               140
[INFO GPL-0007] Movable instances:                 124
[INFO GPL-0008] Fixed instances:                    16
[INFO GPL-0009] Dummy instances:                     0
[INFO GPL-0010] Number of nets:                    152
[INFO GPL-0011] Number of pins:                    299
[INFO GPL-0012] Die BBox:  (  0.000  0.000 ) ( 125.960 125.960 ) um
[INFO GPL-0013] Core BBox: (  2.240  3.920 ) ( 123.760 121.520 ) um
[INFO GPL-0016] Core area:                   14290.752 um^2
[INFO GPL-0017] Fixed instances area:           70.246 um^2
[INFO GPL-0018] Movable instances area:       3727.450 um^2
[INFO GPL-0019] Utilization:                    26.212 %
[INFO GPL-0020] Standard cells area:          3727.450 um^2
[INFO GPL-0021] Large instances area:            0.000 um^2
[INFO GPL-0023] Placement target density:       0.5500
[INFO GPL-0024] Movable insts average area:     30.060 um^2
[INFO GPL-0025] Ideal bin area:                 54.655 um^2
[INFO GPL-0026] Ideal bin count:                   261
[INFO GPL-0027] Total bin area:              14290.752 um^2
[INFO GPL-0028] Bin count (X, Y):          16 ,     16
[INFO GPL-0029] Bin size (W * H):       7.595 *  7.350 um
[INFO GPL-0030] Number of bins:                    256
[INFO GPL-0007] Execute nesterov global placement.
[INFO GPL-0031] HPWL: Half-Perimeter Wirelength
Iteration | Overflow |     HPWL (um) |  HPWL(%) |   Penalty | Group
---------------------------------------------------------------
        0 |   0.9114 |  4.822475e+02 |   +0.00% |  7.80e-15 |      
       10 |   0.9261 |  3.240430e+02 |  -32.81% |  1.27e-14 |      
       20 |   0.9339 |  3.198745e+02 |   -1.29% |  2.07e-14 |      
       30 |   0.9339 |  3.187490e+02 |   -0.35% |  3.37e-14 |      
       40 |   0.9340 |  3.182970e+02 |   -0.14% |  5.49e-14 |      
       50 |   0.9340 |  3.187760e+02 |   +0.15% |  8.94e-14 |      
       60 |   0.9340 |  3.195360e+02 |   +0.24% |  1.46e-13 |      
       70 |   0.9340 |  3.208135e+02 |   +0.40% |  2.37e-13 |      
       80 |   0.9337 |  3.227500e+02 |   +0.60% |  3.87e-13 |      
       90 |   0.9326 |  3.250165e+02 |   +0.70% |  6.30e-13 |      
      100 |   0.9304 |  3.271875e+02 |   +0.67% |  1.03e-12 |      
      110 |   0.9032 |  3.304210e+02 |   +0.99% |  1.67e-12 |      
      120 |   0.8389 |  3.549025e+02 |   +7.41% |  2.72e-12 |      
      130 |   0.7368 |  4.027740e+02 |  +13.49% |  4.43e-12 |      
      140 |   0.6420 |  4.350255e+02 |   +8.01% |  7.22e-12 |      
      150 |   0.6062 |  4.423670e+02 |   +1.69% |  1.18e-11 |      
      160 |   0.6037 |  4.376850e+02 |   -1.06% |  1.92e-11 |      
      170 |   0.6105 |  4.325265e+02 |   -1.18% |  3.12e-11 |      
      180 |   0.5886 |  4.548780e+02 |   +5.17% |  5.08e-11 |      
      190 |   0.5203 |  4.912290e+02 |   +7.99% |  8.28e-11 |      
      200 |   0.5045 |  4.985475e+02 |   +1.49% |  1.35e-10 |      
      210 |   0.5067 |  4.961715e+02 |   -0.48% |  2.20e-10 |      
      220 |   0.4751 |  5.144435e+02 |   +3.68% |  3.58e-10 |      
      230 |   0.4407 |  5.299085e+02 |   +3.01% |  5.83e-10 |      
      240 |   0.4234 |  5.476595e+02 |   +3.35% |  9.49e-10 |      
      250 |   0.3753 |  5.806505e+02 |   +6.02% |  1.55e-09 |      
      260 |   0.3614 |  6.116580e+02 |   +5.34% |  2.52e-09 |      
      270 |   0.3275 |  6.262980e+02 |   +2.39% |  3.90e-09 |      
      280 |   0.3139 |  6.342050e+02 |   +1.26% |  5.75e-09 |      
      290 |   0.2849 |  6.648855e+02 |   +4.84% |  8.47e-09 |      
      300 |   0.2544 |  7.023030e+02 |   +5.63% |  1.25e-08 |      
      310 |   0.2221 |  7.141410e+02 |   +1.69% |  1.84e-08 |      
      320 |   0.1912 |  7.371710e+02 |   +3.22% |  2.71e-08 |      
      330 |   0.1687 |  7.628875e+02 |   +3.49% |  3.99e-08 |      
      340 |   0.1451 |  7.984575e+02 |   +4.66% |  5.87e-08 |      
      350 |   0.1228 |  8.164640e+02 |   +2.26% |  8.65e-08 |      
      360 |   0.1054 |  8.464710e+02 |   +3.68% |  1.27e-07 |      
      365 |   0.0992 |  8.521805e+02 |          |  1.61e-07 |      
---------------------------------------------------------------
[INFO GPL-1001] Global placement finished at iteration 365
[INFO GPL-1002] Placed Cell Area             3727.4496
[INFO GPL-1003] Available Free Area         14220.5056
[INFO GPL-1004] Minimum Feasible Density        0.2700 (cell_area / free_area)
[INFO GPL-1006]   Suggested Target Densities:
[INFO GPL-1007]     - For 90% usage of free space: 0.2912
[INFO GPL-1008]     - For 80% usage of free space: 0.3276
[INFO GPL-1009]     - For 50% usage of free space: 0.5242
[INFO GPL-1014] Final placement area: 3727.45 (+0.00%)
Elapsed time: 0:00.65[h:]min:sec. CPU time: user 1.83 sys 0.06 (290%). Peak memory: 124772KB.
Log                        Elapsed/s Peak Memory/MB  sha1sum .odb [0:20)
3_1_place_gp_skip_io               0            121 0fcd01ac6c4d9adb490d
