OpenROAD 9f7714859944860f802c7c961ba83ab4ae83849f 
Features included (+) or not (-): +GPU +GUI +Python
This program is licensed under the BSD-3 license. See the LICENSE file for details.
Components of this program may be licensed under more restrictive licenses which must be honored.
[INFO ORD-0030] Using 16 thread(s).
read_liberty /home/pvc/openroad/Digital-PLL/openroad/OpenROAD-flow-scripts/flow/platforms/gf180/lib/gf180mcu_fd_sc_mcu7t5v0__ff_n40C_3v60.lib.gz
read_db ./results/gf180/pll_ring_osc2x13/base/3_2_place_iop.odb
[INFO RSZ-0026] Removed 27 buffers.
Perform port buffering...
[INFO RSZ-0027] Inserted 55 gf180mcu_fd_sc_mcu7t5v0__dlyd_2 input buffers.
[INFO RSZ-0028] Inserted 2 gf180mcu_fd_sc_mcu7t5v0__dlyd_2 output buffers.
global_placement -density 0.55 -pad_left 0 -pad_right 0 -routability_driven -timing_driven
[INFO GPL-0005] Execute conjugate gradient initial placement.
[INFO GPL-0002] DBU: 2000
[INFO GPL-0003] SiteSize: (  0.560  3.920 ) um
[INFO GPL-0004] CoreBBox: (  2.240  3.920 ) ( 140.560 137.200 ) um
[INFO GPL-0006] Number of instances:               199
[INFO GPL-0007] Movable instances:                 181
[INFO GPL-0008] Fixed instances:                    18
[INFO GPL-0009] Dummy instances:                     0
[INFO GPL-0010] Number of nets:                    209
[INFO GPL-0011] Number of pins:                    525
[INFO GPL-0012] Die BBox:  (  0.000  0.000 ) ( 142.640 142.640 ) um
[INFO GPL-0013] Core BBox: (  2.240  3.920 ) ( 140.560 137.200 ) um
[INFO GPL-0016] Core area:                   18435.290 um^2
[INFO GPL-0017] Fixed instances area:           79.027 um^2
[INFO GPL-0018] Movable instances area:       8761.043 um^2
[INFO GPL-0019] Utilization:                    47.728 %
[INFO GPL-0020] Standard cells area:          8761.043 um^2
[INFO GPL-0021] Large instances area:            0.000 um^2
[InitialPlace]  Iter: 1 conjugate gradient residual: 0.00000010 HPWL: 18945666
[InitialPlace]  Iter: 2 conjugate gradient residual: 0.00000011 HPWL: 10109005
[InitialPlace]  Iter: 3 conjugate gradient residual: 0.00000011 HPWL: 9854741
[InitialPlace]  Iter: 4 conjugate gradient residual: 0.00000008 HPWL: 9825350
[InitialPlace]  Iter: 5 conjugate gradient residual: 0.00000012 HPWL: 9832325
[INFO GPL-0023] Placement target density:       0.5500
[INFO GPL-0024] Movable insts average area:     48.404 um^2
[INFO GPL-0025] Ideal bin area:                 88.006 um^2
[INFO GPL-0026] Ideal bin count:                   209
[INFO GPL-0027] Total bin area:              18435.290 um^2
[INFO GPL-0028] Bin count (X, Y):           8 ,      8
[INFO GPL-0029] Bin size (W * H):      17.290 * 16.660 um
[INFO GPL-0030] Number of bins:                     64
[INFO GPL-0007] Execute nesterov global placement.
[INFO GPL-0031] HPWL: Half-Perimeter Wirelength
Iteration | Overflow |     HPWL (um) |  HPWL(%) |   Penalty | Group
---------------------------------------------------------------
        0 |   0.7480 |  1.673434e+03 |   +0.00% |  3.30e-15 |      
       10 |   0.7595 |  1.787552e+03 |   +6.82% |  5.38e-15 |      
       20 |   0.7614 |  1.802335e+03 |   +0.83% |  8.76e-15 |      
       30 |   0.7605 |  1.795025e+03 |   -0.41% |  1.43e-14 |      
       40 |   0.7606 |  1.795984e+03 |   +0.05% |  2.32e-14 |      
       50 |   0.7608 |  1.797111e+03 |   +0.06% |  3.78e-14 |      
       60 |   0.7606 |  1.795740e+03 |   -0.08% |  6.16e-14 |      
       70 |   0.7606 |  1.795792e+03 |   +0.00% |  1.00e-13 |      
       80 |   0.7606 |  1.795524e+03 |   -0.01% |  1.64e-13 |      
       90 |   0.7604 |  1.794513e+03 |   -0.06% |  2.66e-13 |      
      100 |   0.7603 |  1.793636e+03 |   -0.05% |  4.34e-13 |      
      110 |   0.7599 |  1.793597e+03 |   -0.00% |  7.07e-13 |      
      120 |   0.7592 |  1.796076e+03 |   +0.14% |  1.15e-12 |      
      130 |   0.7581 |  1.801630e+03 |   +0.31% |  1.88e-12 |      
      140 |   0.7563 |  1.819832e+03 |   +1.01% |  3.06e-12 |      
      150 |   0.7534 |  1.864733e+03 |   +2.47% |  4.98e-12 |      
      160 |   0.7491 |  1.943147e+03 |   +4.21% |  8.11e-12 |      
      170 |   0.7475 |  2.087756e+03 |   +7.44% |  1.32e-11 |      
      180 |   0.7073 |  2.318626e+03 |  +11.06% |  2.15e-11 |      
      190 |   0.6683 |  2.457459e+03 |   +5.99% |  3.50e-11 |      
      200 |   0.6352 |  2.737302e+03 |  +11.39% |  5.71e-11 |      
[INFO GPL-0100] Timing-driven iteration 1/2, virtual: false.
[INFO GPL-0101]    Iter: 202, overflow: 0.634, keep resizer changes at: 1, HPWL: 5552365
Iteration |   Area    | Resized | Buffers | Nets repaired | Remaining
---------------------------------------------------------------------
        0 |     +0.0% |       0 |       0 |             0 |       236
    final |     +0.0% |       0 |       0 |             0 |         0
---------------------------------------------------------------------
   Iter   |    Area   | Removed | Inserted |   Pins
          |           | Buffers | Buffers  | Remaining
-------------------------------------------------------
        0 |     +0.0% |       0 |        0 |       127
       12 |     +0.0% |       0 |        0 |       115
       24 |     +0.0% |       0 |        0 |       103
       36 |     +0.0% |       0 |        0 |        91
       48 |     +0.0% |       0 |        0 |        79
       60 |     +0.0% |       0 |        0 |        67
       72 |     +0.0% |       0 |        0 |        55
       84 |     +0.0% |       0 |        0 |        43
       96 |     +0.0% |       0 |        0 |        31
      108 |     +0.0% |       0 |        0 |        19
      120 |     +0.0% |       0 |        0 |         7
    final |     +0.0% |       0 |        0 |         0
-------------------------------------------------------
[INFO GPL-0106] Timing-driven: worst slack 1e+30
[WARNING GPL-0102] Timing-driven: no slacks found. Timing-driven mode disabled.
[INFO GPL-0107] Timing-driven: repair_design delta area: 0.000 um^2 (+0.00%)
[INFO GPL-0108] Timing-driven: repair_design, gpl cells created: 0 (+0.00%)
[INFO GPL-0110] Timing-driven: new target density: 0.55
[INFO GPL-0038] Routability snapshot saved at iter = 209
Iteration | Overflow |     HPWL (um) |  HPWL(%) |   Penalty | Group
---------------------------------------------------------------
      210 |   0.5907 |  3.089324e+03 |  +12.86% |  9.29e-11 |      
      220 |   0.5440 |  3.281614e+03 |   +6.22% |  1.51e-10 |      
      230 |   0.5010 |  3.555177e+03 |   +8.34% |  2.47e-10 |      
      240 |   0.4602 |  3.987168e+03 |  +12.15% |  4.02e-10 |      
      250 |   0.4198 |  4.343622e+03 |   +8.94% |  6.54e-10 |      
      260 |   0.3726 |  4.765231e+03 |   +9.71% |  1.07e-09 |      
      270 |   0.2963 |  4.920080e+03 |   +3.25% |  1.65e-09 |      
[INFO GPL-0040] Routability iteration: 1
[INFO GPL-0041] Total routing overflow: 0.0000
[INFO GPL-0042] Number of overflowed tiles: 0 (0.00%)
[INFO GPL-0043] Average top 0.5% routing congestion: 0.9352
[INFO GPL-0044] Average top 1.0% routing congestion: 0.9205
[INFO GPL-0045] Average top 2.0% routing congestion: 0.8944
[INFO GPL-0046] Average top 5.0% routing congestion: 0.8509
[INFO GPL-0047] Routability iteration weighted routing congestion: 0.9279
[INFO GPL-0050] Weighted routing congestion is lower than target routing congestion(1.0100), end routability optimization.
[INFO GPL-0090] Routability finished. Target routing congestion achieved succesfully.
Iteration | Overflow |     HPWL (um) |  HPWL(%) |   Penalty | Group
---------------------------------------------------------------
      280 |   0.2622 |  5.151733e+03 |   +4.71% |  2.43e-09 |      
      290 |   0.1984 |  5.068091e+03 |   -1.62% |  3.58e-09 |      
      300 |   0.1788 |  5.235468e+03 |   +3.30% |  5.28e-09 |      
      310 |   0.1497 |  5.266998e+03 |   +0.60% |  7.77e-09 |      
      320 |   0.1179 |  5.285285e+03 |   +0.35% |  1.14e-08 |      
      330 |   0.1067 |  5.338574e+03 |   +1.01% |  1.69e-08 |      
      332 |   0.0963 |  5.350218e+03 |          |  1.89e-08 |      
---------------------------------------------------------------
[INFO GPL-1001] Global placement finished at iteration 332
[INFO GPL-1003] Routability mode iteration count: 60
[INFO GPL-1005] Routability final weighted congestion: 0.9175
[INFO GPL-1002] Placed Cell Area             8761.0432
[INFO GPL-1003] Available Free Area         18356.2624
[INFO GPL-1004] Minimum Feasible Density        0.4800 (cell_area / free_area)
[INFO GPL-1006]   Suggested Target Densities:
[INFO GPL-1007]     - For 90% usage of free space: 0.5303
[INFO GPL-1008]     - For 80% usage of free space: 0.5966
[INFO GPL-1009]     - For 50% usage of free space: 0.9546
[INFO GPL-1011] Original area (um^2): 8761.04
[INFO GPL-1012] Total routability artificial inflation: 0.00 (+0.00%)
[INFO GPL-1014] Final placement area: 8761.04 (+0.00%)
Report metrics stage 3, global place...

==========================================================================
global place report_design_area
--------------------------------------------------------------------------
Design area 8761 u^2 48% utilization.
Elapsed time: 0:01.03[h:]min:sec. CPU time: user 2.21 sys 0.43 (256%). Peak memory: 186164KB.
Log                        Elapsed/s Peak Memory/MB  sha1sum .odb [0:20)
3_3_place_gp                       1            181 ccaaf35f01884a245915
