OpenROAD 9f7714859944860f802c7c961ba83ab4ae83849f 
Features included (+) or not (-): +GPU +GUI +Python
This program is licensed under the BSD-3 license. See the LICENSE file for details.
Components of this program may be licensed under more restrictive licenses which must be honored.
[INFO ORD-0030] Using 16 thread(s).
read_liberty /home/pvc/openroad/Digital-PLL/openroad/OpenROAD-flow-scripts/flow/platforms/gf180/lib/gf180mcu_fd_sc_mcu7t5v0__ff_n40C_3v60.lib.gz
read_db ./results/gf180/pll_ring_osc2x13/base/3_3_place_gp.odb
Perform buffer insertion and gate resizing...
repair_design -verbose
Iteration |   Area    | Resized | Buffers | Nets repaired | Remaining
---------------------------------------------------------------------
        0 |     +0.0% |       0 |       0 |             0 |       182
       10 |     +0.0% |       0 |       0 |             0 |       172
       20 |     +0.0% |       0 |       0 |             0 |       162
       30 |     +0.0% |       0 |       0 |             0 |       152
       40 |     +0.0% |       0 |       0 |             0 |       142
       50 |     +0.0% |       0 |       0 |             0 |       132
       60 |     +0.0% |       0 |       0 |             0 |       122
       70 |     +0.0% |       0 |       0 |             0 |       112
       80 |     +0.0% |       0 |       0 |             0 |       102
       90 |     +0.0% |       0 |       0 |             0 |        92
      100 |     +0.0% |       0 |       0 |             0 |        82
      110 |     +0.0% |       0 |       0 |             0 |        72
      120 |     +0.0% |       0 |       0 |             0 |        62
      130 |     +0.0% |       0 |       0 |             0 |        52
      140 |     +0.0% |       0 |       0 |             0 |        42
      150 |     +0.0% |       0 |       0 |             0 |        32
      160 |     +0.0% |       0 |       0 |             0 |        22
      170 |     +0.0% |       0 |       0 |             0 |        12
      180 |     +0.0% |       0 |       0 |             0 |         2
    final |     +0.0% |       0 |       0 |             0 |         0
---------------------------------------------------------------------
Floating nets: 
Report metrics stage 3, resizer...
No registers in design

==========================================================================
resizer report_design_area
--------------------------------------------------------------------------
Design area 5558 u^2 39% utilization.
Instance count before 203, after 203
Pin count before 305, after 305
Elapsed time: 0:00.76[h:]min:sec. CPU time: user 0.65 sys 0.20 (113%). Peak memory: 148252KB.
Log                        Elapsed/s Peak Memory/MB  sha1sum .odb [0:20)
3_4_place_resized                  0            144 df02099334695cc1e74e
