OpenROAD 9f7714859944860f802c7c961ba83ab4ae83849f 
Features included (+) or not (-): +GPU +GUI +Python
This program is licensed under the BSD-3 license. See the LICENSE file for details.
Components of this program may be licensed under more restrictive licenses which must be honored.
[INFO ORD-0030] Using 16 thread(s).
read_liberty /home/pvc/openroad/Digital-PLL/openroad/OpenROAD-flow-scripts/flow/platforms/gf180/lib/gf180mcu_fd_sc_mcu7t5v0__ff_n40C_3v60.lib.gz
read_db ./results/gf180/pll_ring_osc2x13/base/3_4_place_resized.odb
Placement Analysis
---------------------------------
total displacement        937.4 u
average displacement        3.5 u
max displacement           15.0 u
original HPWL            5352.2 u
legalized HPWL           6235.1 u
delta HPWL                   16 %

Detailed placement improvement.
[INFO DPL-0401] Setting random seed to 1.
[INFO DPL-0402] Setting maximum displacement 5 1 to 39200 7840 units.
[INFO DPL-0320] Collected 143 fixed cells.
[INFO DPL-0318] Collected 181 single height cells.
[INFO DPL-0321] Collected 0 wide cells.
[INFO DPL-0322] Image (4480, 7840) - (281120, 274400)
[INFO DPL-0310] Assigned 181 cells into segments.  Movement in X-direction is 0.000000, movement in Y-direction is 0.000000.
[INFO DPL-0313] Found 0 cells in wrong regions.
[INFO DPL-0315] Found 0 row alignment problems.
[INFO DPL-0314] Found 0 site alignment problems.
[INFO DPL-0311] Found 0 overlaps between adjacent cells.
[INFO DPL-0312] Found 0 edge spacing violations and 0 padding violations.
[INFO DPL-0303] Running algorithm for independent set matching.
[INFO DPL-0300] Set matching objective is wirelength.
[INFO DPL-0301] Pass   1 of matching; objective is 1.244842e+07.
[INFO DPL-0302] End of matching; objective is 1.241407e+07, improvement is 0.28 percent.
[INFO DPL-0303] Running algorithm for global swaps.
[INFO DPL-0306] Pass   1 of global swaps; hpwl is 1.230752e+07.
[INFO DPL-0307] End of global swaps; objective is 1.230752e+07, improvement is 0.86 percent.
[INFO DPL-0303] Running algorithm for vertical swaps.
[INFO DPL-0308] Pass   1 of vertical swaps; hpwl is 1.223230e+07.
[INFO DPL-0309] End of vertical swaps; objective is 1.223230e+07, improvement is 0.61 percent.
[INFO DPL-0303] Running algorithm for reordering.
[INFO DPL-0304] Pass   1 of reordering; objective is 1.221328e+07.
[INFO DPL-0305] End of reordering; objective is 1.221328e+07, improvement is 0.16 percent.
[INFO DPL-0303] Running algorithm for random improvement.
[INFO DPL-0324] Random improver is using displacement generator.
[INFO DPL-0325] Random improver is using hpwl objective.
[INFO DPL-0326] Random improver cost string is (a).
[INFO DPL-0332] End of pass, Generator displacement called 3620 times.
[INFO DPL-0335] Generator displacement, Cumulative attempts 3620, swaps 425, moves   750 since last reset.
[INFO DPL-0333] End of pass, Objective hpwl, Initial cost 1.221328e+07, Scratch cost 1.208858e+07, Incremental cost 1.208858e+07, Mismatch? N
[INFO DPL-0338] End of pass, Total cost is 1.208858e+07.
[INFO DPL-0327] Pass   1 of random improver; improvement in cost is 1.02 percent.
[INFO DPL-0332] End of pass, Generator displacement called 3620 times.
[INFO DPL-0335] Generator displacement, Cumulative attempts 7240, swaps 820, moves  1523 since last reset.
[INFO DPL-0333] End of pass, Objective hpwl, Initial cost 1.208858e+07, Scratch cost 1.203654e+07, Incremental cost 1.203654e+07, Mismatch? N
[INFO DPL-0338] End of pass, Total cost is 1.203654e+07.
[INFO DPL-0327] Pass   2 of random improver; improvement in cost is 0.43 percent.
[INFO DPL-0328] End of random improver; improvement is 1.447032 percent.
[INFO DPL-0380] Cell flipping.
[INFO DPL-0382] Changed 0 cell orientations for row compatibility.
[INFO DPL-0383] Performed 32 cell flips.
[INFO DPL-0384] End of flipping; objective is 1.179602e+07, improvement is 2.00 percent.
[INFO DPL-0313] Found 0 cells in wrong regions.
[INFO DPL-0315] Found 0 row alignment problems.
[INFO DPL-0314] Found 0 site alignment problems.
[INFO DPL-0311] Found 0 overlaps between adjacent cells.
[INFO DPL-0312] Found 0 edge spacing violations and 0 padding violations.
Detailed Improvement Results
------------------------------------------
Original HPWL             6235.1 u (    1459.2,     4775.9)
Final HPWL                5910.0 u (    1257.3,     4652.7)
Delta HPWL                  -5.2 % (     -13.8,       -2.6)

[INFO DPL-0020] Mirrored 3 instances
[INFO DPL-0021] HPWL before            5910.0 u
[INFO DPL-0022] HPWL after             5908.6 u
[INFO DPL-0023] HPWL delta               -0.0 %
[INFO FLW-0012] Placement violations .
Report metrics stage 3, detailed place...
No registers in design

==========================================================================
detailed place report_design_area
--------------------------------------------------------------------------
Design area 8761 u^2 48% utilization.
Elapsed time: 0:00.80[h:]min:sec. CPU time: user 0.71 sys 0.20 (115%). Peak memory: 128420KB.
Log                        Elapsed/s Peak Memory/MB  sha1sum .odb [0:20)
3_5_place_dp                       0            125 29a48cba99a9fb7fceb2
