OpenROAD 9f7714859944860f802c7c961ba83ab4ae83849f 
Features included (+) or not (-): +GPU +GUI +Python
This program is licensed under the BSD-3 license. See the LICENSE file for details.
Components of this program may be licensed under more restrictive licenses which must be honored.
[INFO ORD-0030] Using 16 thread(s).
read_liberty /home/pvc/openroad/Digital-PLL/openroad/OpenROAD-flow-scripts/flow/platforms/gf180/lib/gf180mcu_fd_sc_mcu7t5v0__ff_n40C_3v60.lib.gz
read_db ./results/gf180/pll_ring_osc2x13/base/4_cts.odb
[INFO DRT-0149] Reading tech and libs.
[WARNING DRT-0349] LEF58_ENCLOSURE with no CUTCLASS is not supported. Skipping for layer Via1
[WARNING DRT-0349] LEF58_ENCLOSURE with no CUTCLASS is not supported. Skipping for layer Via1
[WARNING DRT-0349] LEF58_ENCLOSURE with no CUTCLASS is not supported. Skipping for layer Via2
[WARNING DRT-0349] LEF58_ENCLOSURE with no CUTCLASS is not supported. Skipping for layer Via2
[WARNING DRT-0349] LEF58_ENCLOSURE with no CUTCLASS is not supported. Skipping for layer Via3
[WARNING DRT-0349] LEF58_ENCLOSURE with no CUTCLASS is not supported. Skipping for layer Via3
[WARNING DRT-0349] LEF58_ENCLOSURE with no CUTCLASS is not supported. Skipping for layer Via4
[WARNING DRT-0349] LEF58_ENCLOSURE with no CUTCLASS is not supported. Skipping for layer Via4

Units:                2000
Number of layers:     11
Number of macros:     229
Number of vias:       63
Number of viarulegen: 18

[INFO DRT-0150] Reading design.

Design:                   ring_osc2x13
Die area:                 ( 0 0 ) ( 285280 285280 )
Number of track patterns: 10
Number of DEF vias:       0
Number of components:     267
Number of terminals:      57
Number of snets:          2
Number of nets:           209

[INFO DRT-0167] List of default vias:
  Layer Via2
    default via: Via2_VH
  Layer Via3
    default via: Via3_HV
  Layer Via4
    default via: Via4_1_VH
[INFO DRT-0162] Library cell analysis.
[INFO DRT-0163] Instance analysis.
[INFO DRT-0164] Number of unique instances = 28.
[INFO DRT-0168] Init region query.
[INFO DRT-0024]   Complete Poly2.
[INFO DRT-0024]   Complete CON.
[INFO DRT-0024]   Complete Metal1.
[INFO DRT-0024]   Complete Via1.
[INFO DRT-0024]   Complete Metal2.
[INFO DRT-0024]   Complete Via2.
[INFO DRT-0024]   Complete Metal3.
[INFO DRT-0024]   Complete Via3.
[INFO DRT-0024]   Complete Metal4.
[INFO DRT-0024]   Complete Via4.
[INFO DRT-0024]   Complete Metal5.
[INFO DRT-0033] Poly2 shape region query size = 0.
[INFO DRT-0033] CON shape region query size = 0.
[INFO DRT-0033] Metal1 shape region query size = 6755.
[INFO DRT-0033] Via1 shape region query size = 420.
[INFO DRT-0033] Metal2 shape region query size = 210.
[INFO DRT-0033] Via2 shape region query size = 840.
[INFO DRT-0033] Metal3 shape region query size = 210.
[INFO DRT-0033] Via3 shape region query size = 840.
[INFO DRT-0033] Metal4 shape region query size = 168.
[INFO DRT-0033] Via4 shape region query size = 0.
[INFO DRT-0033] Metal5 shape region query size = 0.
[INFO DRT-0165] Start pin access.
[INFO DRT-0078]   Complete 108 pins.
[INFO DRT-0081]   Complete 24 unique inst patterns.
[INFO DRT-0084]   Complete 126 groups.
#scanned instances     = 267
#unique  instances     = 28
#stdCellGenAp          = 501
#stdCellValidPlanarAp  = 0
#stdCellValidViaAp     = 390
#stdCellPinNoAp        = 0
#stdCellPinCnt         = 467
#instTermValidViaApCnt = 0
#macroGenAp            = 0
#macroValidPlanarAp    = 0
#macroValidViaAp       = 0
#macroNoAp             = 0
[INFO DRT-0166] Complete pin access.
[INFO DRT-0267] cpu time = 00:00:03, elapsed time = 00:00:00, memory = 123.42 (MB), peak = 123.42 (MB)
global_route -congestion_report_file ./reports/gf180/pll_ring_osc2x13/base/congestion.rpt -congestion_iterations 30 -congestion_report_iter_step 5 -verbose
[INFO GRT-0020] Min routing layer: Metal2
[INFO GRT-0021] Max routing layer: Metal4
[INFO GRT-0022] Global adjustment: 0%
[INFO GRT-0023] Grid origin: (0, 0)
[INFO GRT-0088] Layer Metal1  Track-Pitch = 0.5600  line-2-Via Pitch: 0.4750
[INFO GRT-0088] Layer Metal2  Track-Pitch = 0.5600  line-2-Via Pitch: 0.5600
[INFO GRT-0088] Layer Metal3  Track-Pitch = 0.5600  line-2-Via Pitch: 0.5600
[INFO GRT-0088] Layer Metal4  Track-Pitch = 0.5600  line-2-Via Pitch: 0.5600
[INFO GRT-0003] Macros: 0
[INFO GRT-0004] Blockages: 0
[INFO GRT-0019] Found 0 clock nets.
[INFO GRT-0001] Minimum degree: 2
[INFO GRT-0002] Maximum degree: 27

[INFO GRT-0053] Routing resources analysis:
          Routing      Original      Derated      Resource
Layer     Direction    Resources     Resources    Reduction (%)
---------------------------------------------------------------
Metal1     Horizontal          0             0          0.00%
Metal2     Vertical         4064          2265          44.27%
Metal3     Horizontal       4064          2694          33.71%
Metal4     Vertical         4064          2250          44.64%
---------------------------------------------------------------

[INFO GRT-0197] Via related to pin nodes: 819
[INFO GRT-0198] Via related Steiner nodes: 6
[INFO GRT-0199] Via filling finished.
[INFO GRT-0111] Final number of vias: 1044
[INFO GRT-0112] Final usage 3D: 3806

[INFO GRT-0096] Final congestion report:
Layer         Resource        Demand        Usage (%)    Max H / Max V / Total Overflow
---------------------------------------------------------------------------------------
Metal1               0             0            0.00%             0 /  0 /  0
Metal2            2265           305           13.47%             0 /  0 /  0
Metal3            2694           189            7.02%             0 /  0 /  0
Metal4            2250           180            8.00%             0 /  0 /  0
---------------------------------------------------------------------------------------
Total             7209           674            9.35%             0 /  0 /  0

[INFO GRT-0018] Total wirelength: 8727 um
[INFO GRT-0014] Routed nets: 209
Perform buffer insertion and gate resizing...
repair_design -verbose
Iteration |   Area    | Resized | Buffers | Nets repaired | Remaining
---------------------------------------------------------------------
        0 |     +0.0% |       0 |       0 |             0 |       236
       10 |     +0.0% |       0 |       0 |             0 |       226
       20 |     +0.0% |       0 |       0 |             0 |       216
       30 |     +0.0% |       0 |       0 |             0 |       206
       40 |     +0.0% |       0 |       0 |             0 |       196
       50 |     +0.0% |       0 |       0 |             0 |       186
       60 |     +0.0% |       0 |       0 |             0 |       176
       70 |     +0.0% |       0 |       0 |             0 |       166
       80 |     +0.0% |       0 |       0 |             0 |       156
       90 |     +0.0% |       0 |       0 |             0 |       146
      100 |     +0.0% |       0 |       0 |             0 |       136
      110 |     +0.0% |       0 |       0 |             0 |       126
      120 |     +0.0% |       0 |       0 |             0 |       116
      130 |     +0.0% |       0 |       0 |             0 |       106
      140 |     +0.0% |       0 |       0 |             0 |        96
      150 |     +0.0% |       0 |       0 |             0 |        86
      160 |     +0.0% |       0 |       0 |             0 |        76
      170 |     +0.0% |       0 |       0 |             0 |        66
      180 |     +0.0% |       0 |       0 |             0 |        56
      190 |     +0.0% |       0 |       0 |             0 |        46
      200 |     +0.0% |       0 |       0 |             0 |        36
      210 |     +0.0% |       0 |       0 |             0 |        26
      220 |     +0.0% |       0 |       0 |             0 |        16
      230 |     +0.0% |       0 |       0 |             0 |         6
    final |     +0.0% |       0 |       0 |             0 |         0
---------------------------------------------------------------------
global_route -start_incremental
detailed_placement
Placement Analysis
---------------------------------
total displacement          0.0 u
average displacement        0.0 u
max displacement            0.0 u
original HPWL            6029.3 u
legalized HPWL           6029.3 u
delta HPWL                    0 %

global_route -end_incremental -congestion_report_file ./reports/gf180/pll_ring_osc2x13/base/congestion_post_repair_design.rpt
Repair setup and hold violations...
repair_timing -verbose -setup_margin 0 -repair_tns 100
[INFO RSZ-0100] Repair move sequence: UnbufferMove SizeUpMove SwapPinsMove BufferMove CloneMove SplitLoadMove 
[INFO RSZ-0098] No setup violations found
[INFO RSZ-0033] No hold violations found.
global_route -start_incremental
detailed_placement
Placement Analysis
---------------------------------
total displacement          0.0 u
average displacement        0.0 u
max displacement            0.0 u
original HPWL            6029.3 u
legalized HPWL           6029.3 u
delta HPWL                    0 %

global_route -end_incremental -congestion_report_file ./reports/gf180/pll_ring_osc2x13/base/congestion_post_repair_timing.rpt
global_route -start_incremental
global_route -end_incremental -congestion_report_file ./reports/gf180/pll_ring_osc2x13/base/congestion_post_recover_power.rpt
Repair antennas...
[INFO GRT-0012] Found 0 antenna violations.
[INFO ANT-0002] Found 0 net violations.
[INFO ANT-0001] Found 0 pin violations.
Estimate parasitics...
Report metrics stage 5, global route...
No registers in design

==========================================================================
global route report_design_area
--------------------------------------------------------------------------
Design area 8761 u^2 48% utilization.
[WARNING FLW-0006] No clocks found.
[INFO FLW-0011] Path endpoint path count 14
Elapsed time: 0:01.42[h:]min:sec. CPU time: user 4.59 sys 0.32 (345%). Peak memory: 197568KB.
Log                        Elapsed/s Peak Memory/MB  sha1sum .odb [0:20)
5_1_grt                            1            192 842aaa493be50832ef9f
