OpenROAD 9f7714859944860f802c7c961ba83ab4ae83849f 
Features included (+) or not (-): +GPU +GUI +Python
This program is licensed under the BSD-3 license. See the LICENSE file for details.
Components of this program may be licensed under more restrictive licenses which must be honored.
[INFO ORD-0030] Using 16 thread(s).
read_liberty /home/pvc/openroad/Digital-PLL/openroad/OpenROAD-flow-scripts/flow/platforms/gf180/lib/gf180mcu_fd_sc_mcu7t5v0__ff_n40C_3v60.lib.gz
read_liberty ./results/gf180/pll_digital_pll_controller/base/digital_pll_controller_typ.lib
read_liberty ./results/gf180/pll_ring_osc2x13/base/ring_osc2x13_typ.lib
[INFO ODB-0388] unsupported LEF58_EOLENCLOSURE property for layer Via1 :"
  	EOLENCLOSURE 0.34 0.06 ;"
[INFO ODB-0388] unsupported LEF58_EOLENCLOSURE property for layer Via2 :" EOLENCLOSURE 0.34 0.06 ; "
[INFO ODB-0388] unsupported LEF58_EOLENCLOSURE property for layer Via3 :" EOLENCLOSURE 0.34 0.06 ; "
[INFO ODB-0388] unsupported LEF58_EOLENCLOSURE property for layer Via4 :" EOLENCLOSURE 0.34 0.06 ; "
[INFO ODB-0227] LEF file: /home/pvc/openroad/Digital-PLL/openroad/OpenROAD-flow-scripts/flow/platforms/gf180/lef/gf180mcu_5LM_1TM_9K_7t_tech.lef, created 13 layers, 60 vias
[INFO ODB-0227] LEF file: /home/pvc/openroad/Digital-PLL/openroad/OpenROAD-flow-scripts/flow/platforms/gf180/lef/gf180mcu_5LM_1TM_9K_7t_sc.lef, created 229 library cells
[INFO ODB-0227] LEF file: ./results/gf180/pll_digital_pll_controller/base/digital_pll_controller.lef, created 3 vias, 1 library cells
[INFO ODB-0227] LEF file: ./results/gf180/pll_ring_osc2x13/base/ring_osc2x13.lef, created 3 vias, 1 library cells
link_design digital_pll

==========================================================================
Floorplan check_setup
--------------------------------------------------------------------------
Warning: There is 1 unclocked register/latch pin.
Warning: There are 10 unconstrained endpoints.
number instances in verilog is 2
[WARNING IFP-0028] Core area lower left (10.000, 10.000) snapped to (10.080, 11.760).
[INFO IFP-0001] Added 122 rows of 857 site GF018hv5v_mcu_sc7.
source /home/pvc/openroad/Digital-PLL/openroad/OpenROAD-flow-scripts/flow/platforms/gf180/fastroute.tcl
Repair tie lo fanout...
Repair tie hi fanout...
repair_timing -setup -verbose -setup_margin 0 -sequence unbuffer,sizeup,swap,buffer,vt_swap -repair_tns 100 -skip_last_gasp
[WARNING EST-0027] no estimated parasitics. Using wire load models.
[INFO RSZ-0100] Repair move sequence: UnbufferMove SizeUpMove SwapPinsMove BufferMove 
[INFO RSZ-0098] No setup violations found
Default units for flow
 time 1ns
 capacitance 1pF
 resistance 1ohm
 voltage 1v
 current 1mA
 power 1uW
 distance 1um
Report metrics stage 2, floorplan final...

==========================================================================
floorplan final report_design_area
--------------------------------------------------------------------------
Design area 42371 u^2 18% utilization.
source /home/pvc/openroad/Digital-PLL/openroad/digital_pll/io.tcl
Elapsed time: 0:00.78[h:]min:sec. CPU time: user 0.70 sys 0.17 (111%). Peak memory: 150564KB.
Log                        Elapsed/s Peak Memory/MB  sha1sum .odb [0:20)
2_1_floorplan                      0            147 0c68ffe40dc39a5ba0b7
