OpenROAD 9f7714859944860f802c7c961ba83ab4ae83849f 
Features included (+) or not (-): +GPU +GUI +Python
This program is licensed under the BSD-3 license. See the LICENSE file for details.
Components of this program may be licensed under more restrictive licenses which must be honored.
[INFO ORD-0030] Using 16 thread(s).
read_liberty /home/pvc/openroad/Digital-PLL/openroad/OpenROAD-flow-scripts/flow/platforms/gf180/lib/gf180mcu_fd_sc_mcu7t5v0__ff_n40C_3v60.lib.gz
read_liberty ./results/gf180/pll_digital_pll_controller/base/digital_pll_controller_typ.lib
read_liberty ./results/gf180/pll_ring_osc2x13/base/ring_osc2x13_typ.lib
read_db ./results/gf180/pll/base/3_3_place_gp.odb
Perform buffer insertion and gate resizing...
repair_design -verbose
Iteration |   Area    | Resized | Buffers | Nets repaired | Remaining
---------------------------------------------------------------------
        0 |     +0.0% |       0 |       0 |             0 |        99
       10 |     +0.0% |       0 |       0 |             0 |        89
       20 |     +0.0% |       0 |       0 |             0 |        79
       30 |     +0.0% |       0 |       0 |             0 |        69
       40 |     +0.0% |       0 |       0 |             0 |        59
       50 |     +0.0% |       0 |       0 |             0 |        49
       60 |     +0.0% |       0 |       0 |             0 |        39
       70 |     +0.0% |       0 |       0 |             0 |        29
       80 |     +0.0% |       0 |       0 |             0 |        19
       90 |     +0.0% |       0 |       0 |             0 |         9
    final |     +0.0% |       0 |       0 |             0 |         0
---------------------------------------------------------------------
Floating nets: 
Report metrics stage 3, resizer...

==========================================================================
resizer report_design_area
--------------------------------------------------------------------------
Design area 49697 u^2 22% utilization.
Instance count before 652, after 652
Pin count before 165, after 165
Elapsed time: 0:00.89[h:]min:sec. CPU time: user 0.73 sys 0.32 (118%). Peak memory: 145148KB.
Log                        Elapsed/s Peak Memory/MB  sha1sum .odb [0:20)
3_4_place_resized                  0            141 bce70fb40108f0ffa28f
