OpenROAD 9f7714859944860f802c7c961ba83ab4ae83849f 
Features included (+) or not (-): +GPU +GUI +Python
This program is licensed under the BSD-3 license. See the LICENSE file for details.
Components of this program may be licensed under more restrictive licenses which must be honored.
[INFO ORD-0030] Using 16 thread(s).
read_liberty /home/pvc/openroad/Digital-PLL/openroad/OpenROAD-flow-scripts/flow/platforms/gf180/lib/gf180mcu_fd_sc_mcu7t5v0__ff_n40C_3v60.lib.gz
read_liberty ./results/gf180/pll_digital_pll_controller/base/digital_pll_controller_typ.lib
read_liberty ./results/gf180/pll_ring_osc2x13/base/ring_osc2x13_typ.lib
read_db ./results/gf180/pll/base/3_place.odb
clock_tree_synthesis -sink_clustering_enable -balance_levels -repair_clock_nets
[INFO CTS-0050] Root buffer is gf180mcu_fd_sc_mcu7t5v0__clkbuf_12.
[INFO CTS-0051] Sink buffer is gf180mcu_fd_sc_mcu7t5v0__clkbuf_20.
[INFO CTS-0052] The following clock buffers will be used for CTS:
                    gf180mcu_fd_sc_mcu7t5v0__clkbuf_12
                    gf180mcu_fd_sc_mcu7t5v0__clkbuf_16
                    gf180mcu_fd_sc_mcu7t5v0__clkbuf_20
[INFO CTS-0049] Characterization buffer is gf180mcu_fd_sc_mcu7t5v0__clkbuf_20.
[INFO CTS-0007] Net "osc" found for clock "osc".
[WARNING CTS-0041] Net "osc" has 1 sinks. Skipping...
[WARNING CTS-0083] No clock nets have been found.
[INFO CTS-0008] TritonCTS found 0 clock nets.
[WARNING CTS-0082] No valid clock nets in the design.
Took 7 seconds: clock_tree_synthesis -sink_clustering_enable -balance_levels -repair_clock_nets
Placement Analysis
---------------------------------
total displacement          0.0 u
average displacement        0.0 u
max displacement            0.0 u
original HPWL           25342.8 u
legalized HPWL          25417.6 u
delta HPWL                    0 %

repair_timing -verbose -setup_margin 0 -repair_tns 100
[INFO RSZ-0100] Repair move sequence: UnbufferMove SizeUpMove SwapPinsMove BufferMove CloneMove SplitLoadMove 
[INFO RSZ-0098] No setup violations found
[INFO RSZ-0033] No hold violations found.
Placement Analysis
---------------------------------
total displacement          0.0 u
average displacement        0.0 u
max displacement            0.0 u
original HPWL           25417.6 u
legalized HPWL          25417.6 u
delta HPWL                    0 %

Report metrics stage 4, cts final...

==========================================================================
cts final report_design_area
--------------------------------------------------------------------------
Design area 49697 u^2 22% utilization.
Elapsed time: 0:07.67[h:]min:sec. CPU time: user 4.31 sys 0.30 (60%). Peak memory: 165640KB.
Log                        Elapsed/s Peak Memory/MB  sha1sum .odb [0:20)
4_1_cts                            7            161 ee220e10464fefe04120
