OpenROAD 9f7714859944860f802c7c961ba83ab4ae83849f 
Features included (+) or not (-): +GPU +GUI +Python
This program is licensed under the BSD-3 license. See the LICENSE file for details.
Components of this program may be licensed under more restrictive licenses which must be honored.
[INFO ORD-0030] Using 16 thread(s).
read_liberty /home/pvc/openroad/Digital-PLL/openroad/OpenROAD-flow-scripts/flow/platforms/gf180/lib/gf180mcu_fd_sc_mcu7t5v0__ff_n40C_3v60.lib.gz
read_liberty ./results/gf180/pll_digital_pll_controller/base/digital_pll_controller_typ.lib
read_liberty ./results/gf180/pll_ring_osc2x13/base/ring_osc2x13_typ.lib
read_db ./results/gf180/pll/base/4_cts.odb
[INFO DRT-0149] Reading tech and libs.
[WARNING DRT-0349] LEF58_ENCLOSURE with no CUTCLASS is not supported. Skipping for layer Via1
[WARNING DRT-0349] LEF58_ENCLOSURE with no CUTCLASS is not supported. Skipping for layer Via1
[WARNING DRT-0349] LEF58_ENCLOSURE with no CUTCLASS is not supported. Skipping for layer Via2
[WARNING DRT-0349] LEF58_ENCLOSURE with no CUTCLASS is not supported. Skipping for layer Via2
[WARNING DRT-0349] LEF58_ENCLOSURE with no CUTCLASS is not supported. Skipping for layer Via3
[WARNING DRT-0349] LEF58_ENCLOSURE with no CUTCLASS is not supported. Skipping for layer Via3
[WARNING DRT-0349] LEF58_ENCLOSURE with no CUTCLASS is not supported. Skipping for layer Via4
[WARNING DRT-0349] LEF58_ENCLOSURE with no CUTCLASS is not supported. Skipping for layer Via4

Units:                2000
Number of layers:     11
Number of macros:     231
Number of vias:       80
Number of viarulegen: 18

[INFO DRT-0150] Reading design.

Design:                   digital_pll
Die area:                 ( 0 0 ) ( 1000000 1000000 )
Number of track patterns: 10
Number of DEF vias:       0
Number of components:     644
Number of terminals:      37
Number of snets:          2
Number of nets:           99

[INFO DRT-0167] List of default vias:
  Layer Via2
    default via: Via2_VH
  Layer Via3
    default via: Via3_HV
  Layer Via4
    default via: Via4_1_VH
[INFO DRT-0162] Library cell analysis.
[INFO DRT-0163] Instance analysis.
[INFO DRT-0164] Number of unique instances = 10.
[INFO DRT-0168] Init region query.
[INFO DRT-0024]   Complete Poly2.
[INFO DRT-0024]   Complete CON.
[INFO DRT-0024]   Complete Metal1.
[INFO DRT-0024]   Complete Via1.
[INFO DRT-0024]   Complete Metal2.
[INFO DRT-0024]   Complete Via2.
[INFO DRT-0024]   Complete Metal3.
[INFO DRT-0024]   Complete Via3.
[INFO DRT-0024]   Complete Metal4.
[INFO DRT-0024]   Complete Via4.
[INFO DRT-0024]   Complete Metal5.
[INFO DRT-0033] Poly2 shape region query size = 0.
[INFO DRT-0033] CON shape region query size = 0.
[INFO DRT-0033] Metal1 shape region query size = 5451.
[INFO DRT-0033] Via1 shape region query size = 4443.
[INFO DRT-0033] Metal2 shape region query size = 2606.
[INFO DRT-0033] Via2 shape region query size = 8423.
[INFO DRT-0033] Metal3 shape region query size = 2606.
[INFO DRT-0033] Via3 shape region query size = 8423.
[INFO DRT-0033] Metal4 shape region query size = 1617.
[INFO DRT-0033] Via4 shape region query size = 2064.
[INFO DRT-0033] Metal5 shape region query size = 146.
[INFO DRT-0165] Start pin access.
[INFO DRT-0078]   Complete 109 pins.
[INFO DRT-0081]   Complete 4 unique inst patterns.
[INFO DRT-0084]   Complete 32 groups.
#scanned instances     = 644
#unique  instances     = 10
#stdCellGenAp          = 30
#stdCellValidPlanarAp  = 0
#stdCellValidViaAp     = 22
#stdCellPinNoAp        = 0
#stdCellPinCnt         = 72
#instTermValidViaApCnt = 0
#macroGenAp            = 372
#macroValidPlanarAp    = 372
#macroValidViaAp       = 0
#macroNoAp             = 0
[INFO DRT-0166] Complete pin access.
[INFO DRT-0267] cpu time = 00:00:00, elapsed time = 00:00:00, memory = 126.16 (MB), peak = 126.16 (MB)
global_route -congestion_report_file ./reports/gf180/pll/base/congestion.rpt -congestion_iterations 30 -congestion_report_iter_step 5 -verbose
[INFO GRT-0020] Min routing layer: Metal2
[INFO GRT-0021] Max routing layer: Metal5
[INFO GRT-0022] Global adjustment: 0%
[INFO GRT-0023] Grid origin: (0, 0)
[INFO GRT-0088] Layer Metal1  Track-Pitch = 0.5600  line-2-Via Pitch: 0.4750
[INFO GRT-0088] Layer Metal2  Track-Pitch = 0.5600  line-2-Via Pitch: 0.5600
[INFO GRT-0088] Layer Metal3  Track-Pitch = 0.5600  line-2-Via Pitch: 0.5600
[INFO GRT-0088] Layer Metal4  Track-Pitch = 0.5600  line-2-Via Pitch: 0.5600
[INFO GRT-0088] Layer Metal5  Track-Pitch = 0.9000  line-2-Via Pitch: 0.8200
[INFO GRT-0003] Macros: 2
[INFO GRT-0004] Blockages: 6
[INFO GRT-0019] Found 1 clock nets.
[INFO GRT-0001] Minimum degree: 2
[INFO GRT-0002] Maximum degree: 3

[INFO GRT-0053] Routing resources analysis:
          Routing      Original      Derated      Resource
Layer     Direction    Resources     Resources    Reduction (%)
---------------------------------------------------------------
Metal1     Horizontal          0             0          0.00%
Metal2     Vertical        52628         26056          50.49%
Metal3     Horizontal      52628         30449          42.14%
Metal4     Vertical        52628         25275          51.97%
Metal5     Horizontal      31624         15508          50.96%
---------------------------------------------------------------

[INFO GRT-0101] Running extra iterations to remove overflow.
[INFO GRT-0197] Via related to pin nodes: 213
[INFO GRT-0198] Via related Steiner nodes: 2
[INFO GRT-0199] Via filling finished.
[INFO GRT-0111] Final number of vias: 476
[INFO GRT-0112] Final usage 3D: 4620

[INFO GRT-0096] Final congestion report:
Layer         Resource        Demand        Usage (%)    Max H / Max V / Total Overflow
---------------------------------------------------------------------------------------
Metal1               0             0            0.00%             0 /  0 /  0
Metal2           26056           358            1.37%             0 /  0 /  0
Metal3           30449          1195            3.92%             0 /  0 /  0
Metal4           25275          1112            4.40%             0 /  0 /  0
Metal5           15508           527            3.40%             0 /  0 /  0
---------------------------------------------------------------------------------------
Total            97288          3192            3.28%             0 /  0 /  0

[INFO GRT-0018] Total wirelength: 29358 um
[INFO GRT-0014] Routed nets: 99
Perform buffer insertion and gate resizing...
repair_design -verbose
Iteration |   Area    | Resized | Buffers | Nets repaired | Remaining
---------------------------------------------------------------------
        0 |     +0.0% |       0 |       0 |             0 |        99
       10 |     +0.0% |       0 |       0 |             0 |        89
       20 |     +0.0% |       0 |       0 |             0 |        79
       30 |     +0.0% |       0 |       0 |             0 |        69
       40 |     +0.0% |       0 |       0 |             0 |        59
       50 |     +0.0% |       0 |       0 |             0 |        49
       60 |     +0.0% |       0 |       0 |             0 |        39
       70 |     +0.0% |       0 |       0 |             0 |        29
       80 |     +0.0% |       0 |       0 |             0 |        19
       90 |     +0.0% |       0 |       0 |             0 |         9
    final |     +0.0% |       0 |       0 |             0 |         0
---------------------------------------------------------------------
global_route -start_incremental
detailed_placement
Placement Analysis
---------------------------------
total displacement          0.0 u
average displacement        0.0 u
max displacement            0.0 u
original HPWL           22220.5 u
legalized HPWL          22220.5 u
delta HPWL                    0 %

global_route -end_incremental -congestion_report_file ./reports/gf180/pll/base/congestion_post_repair_design.rpt
Repair setup and hold violations...
repair_timing -verbose -setup_margin 0 -repair_tns 100
[INFO RSZ-0100] Repair move sequence: UnbufferMove SizeUpMove SwapPinsMove BufferMove CloneMove SplitLoadMove 
[INFO RSZ-0098] No setup violations found
[INFO RSZ-0033] No hold violations found.
global_route -start_incremental
detailed_placement
Placement Analysis
---------------------------------
total displacement          0.0 u
average displacement        0.0 u
max displacement            0.0 u
original HPWL           22220.5 u
legalized HPWL          22220.5 u
delta HPWL                    0 %

global_route -end_incremental -congestion_report_file ./reports/gf180/pll/base/congestion_post_repair_timing.rpt
global_route -start_incremental
global_route -end_incremental -congestion_report_file ./reports/gf180/pll/base/congestion_post_recover_power.rpt
Repair antennas...
[INFO GRT-0012] Found 5 antenna violations.
[INFO GRT-0302] Inserted 1 jumpers for 1 nets.
[INFO GRT-0012] Found 4 antenna violations.
[WARNING GRT-0243] Unable to repair antennas on net with diodes.
[INFO GRT-0015] Inserted 4 diodes.
[INFO GRT-0012] Found 0 antenna violations.
[INFO ANT-0002] Found 0 net violations.
[INFO ANT-0001] Found 0 pin violations.
Estimate parasitics...
Report metrics stage 5, global route...

==========================================================================
global route report_design_area
--------------------------------------------------------------------------
Design area 45316 u^2 20% utilization.
[INFO FLW-0007] clock osc period 100.000000
[INFO FLW-0008] Clock osc period 52.455
[INFO FLW-0009] Clock osc slack 44.784
[INFO FLW-0011] Path endpoint path count 68
Elapsed time: 0:01.52[h:]min:sec. CPU time: user 2.24 sys 0.50 (180%). Peak memory: 222760KB.
Log                        Elapsed/s Peak Memory/MB  sha1sum .odb [0:20)
5_1_grt                            1            217 b927af93bffdcb164866
