KLayout 0.30.4
Warning: DEF UNITS does not match reader DBU (DEF UNITS is 2000 and corresponds to a DBU of 0.0005, but reader DBU is set to 0.001) (line=5, cell=, file=6_final.def)
Warning: No mapping for purpose 'OUTLINE' - layer is ignored (line=6, cell=, file=6_final.def)
Warning: No mapping for purpose 'BLOCKAGE' - layer is ignored (line=2980, cell=, file=6_final.def)
[INFO] Reporting cells prior to loading DEF ...
	/home/pvc/openroad/Digital-PLL/openroad/OpenROAD-flow-scripts/flow/platforms/gf180/gds/7t/gf180mcu_fd_sc_mcu7t5v0__addf_1.gds
	/home/pvc/openroad/Digital-PLL/openroad/OpenROAD-flow-scripts/flow/platforms/gf180/gds/7t/gf180mcu_fd_sc_mcu7t5v0__addf_2.gds
	/home/pvc/openroad/Digital-PLL/openroad/OpenROAD-flow-scripts/flow/platforms/gf180/gds/7t/gf180mcu_fd_sc_mcu7t5v0__addf_4.gds
	/home/pvc/openroad/Digital-PLL/openroad/OpenROAD-flow-scripts/flow/platforms/gf180/gds/7t/gf180mcu_fd_sc_mcu7t5v0__addh_1.gds
	/home/pvc/openroad/Digital-PLL/openroad/OpenROAD-flow-scripts/flow/platforms/gf180/gds/7t/gf180mcu_fd_sc_mcu7t5v0__addh_2.gds
	/home/pvc/openroad/Digital-PLL/openroad/OpenROAD-flow-scripts/flow/platforms/gf180/gds/7t/gf180mcu_fd_sc_mcu7t5v0__addh_4.gds
	/home/pvc/openroad/Digital-PLL/openroad/OpenROAD-flow-scripts/flow/platforms/gf180/gds/7t/gf180mcu_fd_sc_mcu7t5v0__and2_1.gds
	/home/pvc/openroad/Digital-PLL/openroad/OpenROAD-flow-scripts/flow/platforms/gf180/gds/7t/gf180mcu_fd_sc_mcu7t5v0__and2_2.gds
	/home/pvc/openroad/Digital-PLL/openroad/OpenROAD-flow-scripts/flow/platforms/gf180/gds/7t/gf180mcu_fd_sc_mcu7t5v0__and2_4.gds
	/home/pvc/openroad/Digital-PLL/openroad/OpenROAD-flow-scripts/flow/platforms/gf180/gds/7t/gf180mcu_fd_sc_mcu7t5v0__and3_1.gds
	/home/pvc/openroad/Digital-PLL/openroad/OpenROAD-flow-scripts/flow/platforms/gf180/gds/7t/gf180mcu_fd_sc_mcu7t5v0__and3_2.gds
	/home/pvc/openroad/Digital-PLL/openroad/OpenROAD-flow-scripts/flow/platforms/gf180/gds/7t/gf180mcu_fd_sc_mcu7t5v0__and3_4.gds
	/home/pvc/openroad/Digital-PLL/openroad/OpenROAD-flow-scripts/flow/platforms/gf180/gds/7t/gf180mcu_fd_sc_mcu7t5v0__and4_1.gds
	/home/pvc/openroad/Digital-PLL/openroad/OpenROAD-flow-scripts/flow/platforms/gf180/gds/7t/gf180mcu_fd_sc_mcu7t5v0__and4_2.gds
	/home/pvc/openroad/Digital-PLL/openroad/OpenROAD-flow-scripts/flow/platforms/gf180/gds/7t/gf180mcu_fd_sc_mcu7t5v0__and4_4.gds
	/home/pvc/openroad/Digital-PLL/openroad/OpenROAD-flow-scripts/flow/platforms/gf180/gds/7t/gf180mcu_fd_sc_mcu7t5v0__antenna.gds
	/home/pvc/openroad/Digital-PLL/openroad/OpenROAD-flow-scripts/flow/platforms/gf180/gds/7t/gf180mcu_fd_sc_mcu7t5v0__aoi211_1.gds
	/home/pvc/openroad/Digital-PLL/openroad/OpenROAD-flow-scripts/flow/platforms/gf180/gds/7t/gf180mcu_fd_sc_mcu7t5v0__aoi211_2.gds
	/home/pvc/openroad/Digital-PLL/openroad/OpenROAD-flow-scripts/flow/platforms/gf180/gds/7t/gf180mcu_fd_sc_mcu7t5v0__aoi211_4.gds
	/home/pvc/openroad/Digital-PLL/openroad/OpenROAD-flow-scripts/flow/platforms/gf180/gds/7t/gf180mcu_fd_sc_mcu7t5v0__aoi21_1.gds
	/home/pvc/openroad/Digital-PLL/openroad/OpenROAD-flow-scripts/flow/platforms/gf180/gds/7t/gf180mcu_fd_sc_mcu7t5v0__aoi21_2.gds
	/home/pvc/openroad/Digital-PLL/openroad/OpenROAD-flow-scripts/flow/platforms/gf180/gds/7t/gf180mcu_fd_sc_mcu7t5v0__aoi21_4.gds
	/home/pvc/openroad/Digital-PLL/openroad/OpenROAD-flow-scripts/flow/platforms/gf180/gds/7t/gf180mcu_fd_sc_mcu7t5v0__aoi221_1.gds
	/home/pvc/openroad/Digital-PLL/openroad/OpenROAD-flow-scripts/flow/platforms/gf180/gds/7t/gf180mcu_fd_sc_mcu7t5v0__aoi221_2.gds
	/home/pvc/openroad/Digital-PLL/openroad/OpenROAD-flow-scripts/flow/platforms/gf180/gds/7t/gf180mcu_fd_sc_mcu7t5v0__aoi221_4.gds
	/home/pvc/openroad/Digital-PLL/openroad/OpenROAD-flow-scripts/flow/platforms/gf180/gds/7t/gf180mcu_fd_sc_mcu7t5v0__aoi222_1.gds
	/home/pvc/openroad/Digital-PLL/openroad/OpenROAD-flow-scripts/flow/platforms/gf180/gds/7t/gf180mcu_fd_sc_mcu7t5v0__aoi222_2.gds
	/home/pvc/openroad/Digital-PLL/openroad/OpenROAD-flow-scripts/flow/platforms/gf180/gds/7t/gf180mcu_fd_sc_mcu7t5v0__aoi222_4.gds
	/home/pvc/openroad/Digital-PLL/openroad/OpenROAD-flow-scripts/flow/platforms/gf180/gds/7t/gf180mcu_fd_sc_mcu7t5v0__aoi22_1.gds
	/home/pvc/openroad/Digital-PLL/openroad/OpenROAD-flow-scripts/flow/platforms/gf180/gds/7t/gf180mcu_fd_sc_mcu7t5v0__aoi22_2.gds
	/home/pvc/openroad/Digital-PLL/openroad/OpenROAD-flow-scripts/flow/platforms/gf180/gds/7t/gf180mcu_fd_sc_mcu7t5v0__aoi22_4.gds
	/home/pvc/openroad/Digital-PLL/openroad/OpenROAD-flow-scripts/flow/platforms/gf180/gds/7t/gf180mcu_fd_sc_mcu7t5v0__buf_1.gds
	/home/pvc/openroad/Digital-PLL/openroad/OpenROAD-flow-scripts/flow/platforms/gf180/gds/7t/gf180mcu_fd_sc_mcu7t5v0__buf_12.gds
	/home/pvc/openroad/Digital-PLL/openroad/OpenROAD-flow-scripts/flow/platforms/gf180/gds/7t/gf180mcu_fd_sc_mcu7t5v0__buf_16.gds
	/home/pvc/openroad/Digital-PLL/openroad/OpenROAD-flow-scripts/flow/platforms/gf180/gds/7t/gf180mcu_fd_sc_mcu7t5v0__buf_2.gds
	/home/pvc/openroad/Digital-PLL/openroad/OpenROAD-flow-scripts/flow/platforms/gf180/gds/7t/gf180mcu_fd_sc_mcu7t5v0__buf_20.gds
	/home/pvc/openroad/Digital-PLL/openroad/OpenROAD-flow-scripts/flow/platforms/gf180/gds/7t/gf180mcu_fd_sc_mcu7t5v0__buf_3.gds
	/home/pvc/openroad/Digital-PLL/openroad/OpenROAD-flow-scripts/flow/platforms/gf180/gds/7t/gf180mcu_fd_sc_mcu7t5v0__buf_4.gds
	/home/pvc/openroad/Digital-PLL/openroad/OpenROAD-flow-scripts/flow/platforms/gf180/gds/7t/gf180mcu_fd_sc_mcu7t5v0__buf_8.gds
	/home/pvc/openroad/Digital-PLL/openroad/OpenROAD-flow-scripts/flow/platforms/gf180/gds/7t/gf180mcu_fd_sc_mcu7t5v0__bufz_1.gds
	/home/pvc/openroad/Digital-PLL/openroad/OpenROAD-flow-scripts/flow/platforms/gf180/gds/7t/gf180mcu_fd_sc_mcu7t5v0__bufz_12.gds
	/home/pvc/openroad/Digital-PLL/openroad/OpenROAD-flow-scripts/flow/platforms/gf180/gds/7t/gf180mcu_fd_sc_mcu7t5v0__bufz_16.gds
	/home/pvc/openroad/Digital-PLL/openroad/OpenROAD-flow-scripts/flow/platforms/gf180/gds/7t/gf180mcu_fd_sc_mcu7t5v0__bufz_2.gds
	/home/pvc/openroad/Digital-PLL/openroad/OpenROAD-flow-scripts/flow/platforms/gf180/gds/7t/gf180mcu_fd_sc_mcu7t5v0__bufz_3.gds
	/home/pvc/openroad/Digital-PLL/openroad/OpenROAD-flow-scripts/flow/platforms/gf180/gds/7t/gf180mcu_fd_sc_mcu7t5v0__bufz_4.gds
	/home/pvc/openroad/Digital-PLL/openroad/OpenROAD-flow-scripts/flow/platforms/gf180/gds/7t/gf180mcu_fd_sc_mcu7t5v0__bufz_8.gds
	/home/pvc/openroad/Digital-PLL/openroad/OpenROAD-flow-scripts/flow/platforms/gf180/gds/7t/gf180mcu_fd_sc_mcu7t5v0__clkbuf_1.gds
	/home/pvc/openroad/Digital-PLL/openroad/OpenROAD-flow-scripts/flow/platforms/gf180/gds/7t/gf180mcu_fd_sc_mcu7t5v0__clkbuf_12.gds
	/home/pvc/openroad/Digital-PLL/openroad/OpenROAD-flow-scripts/flow/platforms/gf180/gds/7t/gf180mcu_fd_sc_mcu7t5v0__clkbuf_16.gds
	/home/pvc/openroad/Digital-PLL/openroad/OpenROAD-flow-scripts/flow/platforms/gf180/gds/7t/gf180mcu_fd_sc_mcu7t5v0__clkbuf_2.gds
	/home/pvc/openroad/Digital-PLL/openroad/OpenROAD-flow-scripts/flow/platforms/gf180/gds/7t/gf180mcu_fd_sc_mcu7t5v0__clkbuf_20.gds
	/home/pvc/openroad/Digital-PLL/openroad/OpenROAD-flow-scripts/flow/platforms/gf180/gds/7t/gf180mcu_fd_sc_mcu7t5v0__clkbuf_3.gds
	/home/pvc/openroad/Digital-PLL/openroad/OpenROAD-flow-scripts/flow/platforms/gf180/gds/7t/gf180mcu_fd_sc_mcu7t5v0__clkbuf_4.gds
	/home/pvc/openroad/Digital-PLL/openroad/OpenROAD-flow-scripts/flow/platforms/gf180/gds/7t/gf180mcu_fd_sc_mcu7t5v0__clkbuf_8.gds
	/home/pvc/openroad/Digital-PLL/openroad/OpenROAD-flow-scripts/flow/platforms/gf180/gds/7t/gf180mcu_fd_sc_mcu7t5v0__clkinv_1.gds
	/home/pvc/openroad/Digital-PLL/openroad/OpenROAD-flow-scripts/flow/platforms/gf180/gds/7t/gf180mcu_fd_sc_mcu7t5v0__clkinv_12.gds
	/home/pvc/openroad/Digital-PLL/openroad/OpenROAD-flow-scripts/flow/platforms/gf180/gds/7t/gf180mcu_fd_sc_mcu7t5v0__clkinv_16.gds
	/home/pvc/openroad/Digital-PLL/openroad/OpenROAD-flow-scripts/flow/platforms/gf180/gds/7t/gf180mcu_fd_sc_mcu7t5v0__clkinv_2.gds
	/home/pvc/openroad/Digital-PLL/openroad/OpenROAD-flow-scripts/flow/platforms/gf180/gds/7t/gf180mcu_fd_sc_mcu7t5v0__clkinv_20.gds
	/home/pvc/openroad/Digital-PLL/openroad/OpenROAD-flow-scripts/flow/platforms/gf180/gds/7t/gf180mcu_fd_sc_mcu7t5v0__clkinv_3.gds
	/home/pvc/openroad/Digital-PLL/openroad/OpenROAD-flow-scripts/flow/platforms/gf180/gds/7t/gf180mcu_fd_sc_mcu7t5v0__clkinv_4.gds
	/home/pvc/openroad/Digital-PLL/openroad/OpenROAD-flow-scripts/flow/platforms/gf180/gds/7t/gf180mcu_fd_sc_mcu7t5v0__clkinv_8.gds
	/home/pvc/openroad/Digital-PLL/openroad/OpenROAD-flow-scripts/flow/platforms/gf180/gds/7t/gf180mcu_fd_sc_mcu7t5v0__dffnq_1.gds
	/home/pvc/openroad/Digital-PLL/openroad/OpenROAD-flow-scripts/flow/platforms/gf180/gds/7t/gf180mcu_fd_sc_mcu7t5v0__dffnq_2.gds
	/home/pvc/openroad/Digital-PLL/openroad/OpenROAD-flow-scripts/flow/platforms/gf180/gds/7t/gf180mcu_fd_sc_mcu7t5v0__dffnq_4.gds
	/home/pvc/openroad/Digital-PLL/openroad/OpenROAD-flow-scripts/flow/platforms/gf180/gds/7t/gf180mcu_fd_sc_mcu7t5v0__dffnrnq_1.gds
	/home/pvc/openroad/Digital-PLL/openroad/OpenROAD-flow-scripts/flow/platforms/gf180/gds/7t/gf180mcu_fd_sc_mcu7t5v0__dffnrnq_2.gds
	/home/pvc/openroad/Digital-PLL/openroad/OpenROAD-flow-scripts/flow/platforms/gf180/gds/7t/gf180mcu_fd_sc_mcu7t5v0__dffnrnq_4.gds
	/home/pvc/openroad/Digital-PLL/openroad/OpenROAD-flow-scripts/flow/platforms/gf180/gds/7t/gf180mcu_fd_sc_mcu7t5v0__dffnrsnq_1.gds
	/home/pvc/openroad/Digital-PLL/openroad/OpenROAD-flow-scripts/flow/platforms/gf180/gds/7t/gf180mcu_fd_sc_mcu7t5v0__dffnrsnq_2.gds
	/home/pvc/openroad/Digital-PLL/openroad/OpenROAD-flow-scripts/flow/platforms/gf180/gds/7t/gf180mcu_fd_sc_mcu7t5v0__dffnrsnq_4.gds
	/home/pvc/openroad/Digital-PLL/openroad/OpenROAD-flow-scripts/flow/platforms/gf180/gds/7t/gf180mcu_fd_sc_mcu7t5v0__dffnsnq_1.gds
	/home/pvc/openroad/Digital-PLL/openroad/OpenROAD-flow-scripts/flow/platforms/gf180/gds/7t/gf180mcu_fd_sc_mcu7t5v0__dffnsnq_2.gds
	/home/pvc/openroad/Digital-PLL/openroad/OpenROAD-flow-scripts/flow/platforms/gf180/gds/7t/gf180mcu_fd_sc_mcu7t5v0__dffnsnq_4.gds
	/home/pvc/openroad/Digital-PLL/openroad/OpenROAD-flow-scripts/flow/platforms/gf180/gds/7t/gf180mcu_fd_sc_mcu7t5v0__dffq_1.gds
	/home/pvc/openroad/Digital-PLL/openroad/OpenROAD-flow-scripts/flow/platforms/gf180/gds/7t/gf180mcu_fd_sc_mcu7t5v0__dffq_2.gds
	/home/pvc/openroad/Digital-PLL/openroad/OpenROAD-flow-scripts/flow/platforms/gf180/gds/7t/gf180mcu_fd_sc_mcu7t5v0__dffq_4.gds
	/home/pvc/openroad/Digital-PLL/openroad/OpenROAD-flow-scripts/flow/platforms/gf180/gds/7t/gf180mcu_fd_sc_mcu7t5v0__dffrnq_1.gds
	/home/pvc/openroad/Digital-PLL/openroad/OpenROAD-flow-scripts/flow/platforms/gf180/gds/7t/gf180mcu_fd_sc_mcu7t5v0__dffrnq_2.gds
	/home/pvc/openroad/Digital-PLL/openroad/OpenROAD-flow-scripts/flow/platforms/gf180/gds/7t/gf180mcu_fd_sc_mcu7t5v0__dffrnq_4.gds
	/home/pvc/openroad/Digital-PLL/openroad/OpenROAD-flow-scripts/flow/platforms/gf180/gds/7t/gf180mcu_fd_sc_mcu7t5v0__dffrsnq_1.gds
	/home/pvc/openroad/Digital-PLL/openroad/OpenROAD-flow-scripts/flow/platforms/gf180/gds/7t/gf180mcu_fd_sc_mcu7t5v0__dffrsnq_2.gds
	/home/pvc/openroad/Digital-PLL/openroad/OpenROAD-flow-scripts/flow/platforms/gf180/gds/7t/gf180mcu_fd_sc_mcu7t5v0__dffrsnq_4.gds
	/home/pvc/openroad/Digital-PLL/openroad/OpenROAD-flow-scripts/flow/platforms/gf180/gds/7t/gf180mcu_fd_sc_mcu7t5v0__dffsnq_1.gds
	/home/pvc/openroad/Digital-PLL/openroad/OpenROAD-flow-scripts/flow/platforms/gf180/gds/7t/gf180mcu_fd_sc_mcu7t5v0__dffsnq_2.gds
	/home/pvc/openroad/Digital-PLL/openroad/OpenROAD-flow-scripts/flow/platforms/gf180/gds/7t/gf180mcu_fd_sc_mcu7t5v0__dffsnq_4.gds
	/home/pvc/openroad/Digital-PLL/openroad/OpenROAD-flow-scripts/flow/platforms/gf180/gds/7t/gf180mcu_fd_sc_mcu7t5v0__dlya_1.gds
	/home/pvc/openroad/Digital-PLL/openroad/OpenROAD-flow-scripts/flow/platforms/gf180/gds/7t/gf180mcu_fd_sc_mcu7t5v0__dlya_2.gds
	/home/pvc/openroad/Digital-PLL/openroad/OpenROAD-flow-scripts/flow/platforms/gf180/gds/7t/gf180mcu_fd_sc_mcu7t5v0__dlya_4.gds
	/home/pvc/openroad/Digital-PLL/openroad/OpenROAD-flow-scripts/flow/platforms/gf180/gds/7t/gf180mcu_fd_sc_mcu7t5v0__dlyb_1.gds
	/home/pvc/openroad/Digital-PLL/openroad/OpenROAD-flow-scripts/flow/platforms/gf180/gds/7t/gf180mcu_fd_sc_mcu7t5v0__dlyb_2.gds
	/home/pvc/openroad/Digital-PLL/openroad/OpenROAD-flow-scripts/flow/platforms/gf180/gds/7t/gf180mcu_fd_sc_mcu7t5v0__dlyb_4.gds
	/home/pvc/openroad/Digital-PLL/openroad/OpenROAD-flow-scripts/flow/platforms/gf180/gds/7t/gf180mcu_fd_sc_mcu7t5v0__dlyc_1.gds
	/home/pvc/openroad/Digital-PLL/openroad/OpenROAD-flow-scripts/flow/platforms/gf180/gds/7t/gf180mcu_fd_sc_mcu7t5v0__dlyc_2.gds
	/home/pvc/openroad/Digital-PLL/openroad/OpenROAD-flow-scripts/flow/platforms/gf180/gds/7t/gf180mcu_fd_sc_mcu7t5v0__dlyc_4.gds
	/home/pvc/openroad/Digital-PLL/openroad/OpenROAD-flow-scripts/flow/platforms/gf180/gds/7t/gf180mcu_fd_sc_mcu7t5v0__dlyd_1.gds
	/home/pvc/openroad/Digital-PLL/openroad/OpenROAD-flow-scripts/flow/platforms/gf180/gds/7t/gf180mcu_fd_sc_mcu7t5v0__dlyd_2.gds
	/home/pvc/openroad/Digital-PLL/openroad/OpenROAD-flow-scripts/flow/platforms/gf180/gds/7t/gf180mcu_fd_sc_mcu7t5v0__dlyd_4.gds
	/home/pvc/openroad/Digital-PLL/openroad/OpenROAD-flow-scripts/flow/platforms/gf180/gds/7t/gf180mcu_fd_sc_mcu7t5v0__endcap.gds
	/home/pvc/openroad/Digital-PLL/openroad/OpenROAD-flow-scripts/flow/platforms/gf180/gds/7t/gf180mcu_fd_sc_mcu7t5v0__fill_1.gds
	/home/pvc/openroad/Digital-PLL/openroad/OpenROAD-flow-scripts/flow/platforms/gf180/gds/7t/gf180mcu_fd_sc_mcu7t5v0__fill_16.gds
	/home/pvc/openroad/Digital-PLL/openroad/OpenROAD-flow-scripts/flow/platforms/gf180/gds/7t/gf180mcu_fd_sc_mcu7t5v0__fill_2.gds
	/home/pvc/openroad/Digital-PLL/openroad/OpenROAD-flow-scripts/flow/platforms/gf180/gds/7t/gf180mcu_fd_sc_mcu7t5v0__fill_32.gds
	/home/pvc/openroad/Digital-PLL/openroad/OpenROAD-flow-scripts/flow/platforms/gf180/gds/7t/gf180mcu_fd_sc_mcu7t5v0__fill_4.gds
	/home/pvc/openroad/Digital-PLL/openroad/OpenROAD-flow-scripts/flow/platforms/gf180/gds/7t/gf180mcu_fd_sc_mcu7t5v0__fill_64.gds
	/home/pvc/openroad/Digital-PLL/openroad/OpenROAD-flow-scripts/flow/platforms/gf180/gds/7t/gf180mcu_fd_sc_mcu7t5v0__fill_8.gds
	/home/pvc/openroad/Digital-PLL/openroad/OpenROAD-flow-scripts/flow/platforms/gf180/gds/7t/gf180mcu_fd_sc_mcu7t5v0__fillcap_16.gds
	/home/pvc/openroad/Digital-PLL/openroad/OpenROAD-flow-scripts/flow/platforms/gf180/gds/7t/gf180mcu_fd_sc_mcu7t5v0__fillcap_32.gds
	/home/pvc/openroad/Digital-PLL/openroad/OpenROAD-flow-scripts/flow/platforms/gf180/gds/7t/gf180mcu_fd_sc_mcu7t5v0__fillcap_4.gds
	/home/pvc/openroad/Digital-PLL/openroad/OpenROAD-flow-scripts/flow/platforms/gf180/gds/7t/gf180mcu_fd_sc_mcu7t5v0__fillcap_64.gds
	/home/pvc/openroad/Digital-PLL/openroad/OpenROAD-flow-scripts/flow/platforms/gf180/gds/7t/gf180mcu_fd_sc_mcu7t5v0__fillcap_8.gds
	/home/pvc/openroad/Digital-PLL/openroad/OpenROAD-flow-scripts/flow/platforms/gf180/gds/7t/gf180mcu_fd_sc_mcu7t5v0__filltie.gds
	/home/pvc/openroad/Digital-PLL/openroad/OpenROAD-flow-scripts/flow/platforms/gf180/gds/7t/gf180mcu_fd_sc_mcu7t5v0__hold.gds
	/home/pvc/openroad/Digital-PLL/openroad/OpenROAD-flow-scripts/flow/platforms/gf180/gds/7t/gf180mcu_fd_sc_mcu7t5v0__icgtn_1.gds
	/home/pvc/openroad/Digital-PLL/openroad/OpenROAD-flow-scripts/flow/platforms/gf180/gds/7t/gf180mcu_fd_sc_mcu7t5v0__icgtn_2.gds
	/home/pvc/openroad/Digital-PLL/openroad/OpenROAD-flow-scripts/flow/platforms/gf180/gds/7t/gf180mcu_fd_sc_mcu7t5v0__icgtn_4.gds
	/home/pvc/openroad/Digital-PLL/openroad/OpenROAD-flow-scripts/flow/platforms/gf180/gds/7t/gf180mcu_fd_sc_mcu7t5v0__icgtp_1.gds
	/home/pvc/openroad/Digital-PLL/openroad/OpenROAD-flow-scripts/flow/platforms/gf180/gds/7t/gf180mcu_fd_sc_mcu7t5v0__icgtp_2.gds
	/home/pvc/openroad/Digital-PLL/openroad/OpenROAD-flow-scripts/flow/platforms/gf180/gds/7t/gf180mcu_fd_sc_mcu7t5v0__icgtp_4.gds
	/home/pvc/openroad/Digital-PLL/openroad/OpenROAD-flow-scripts/flow/platforms/gf180/gds/7t/gf180mcu_fd_sc_mcu7t5v0__inv_1.gds
	/home/pvc/openroad/Digital-PLL/openroad/OpenROAD-flow-scripts/flow/platforms/gf180/gds/7t/gf180mcu_fd_sc_mcu7t5v0__inv_12.gds
	/home/pvc/openroad/Digital-PLL/openroad/OpenROAD-flow-scripts/flow/platforms/gf180/gds/7t/gf180mcu_fd_sc_mcu7t5v0__inv_16.gds
	/home/pvc/openroad/Digital-PLL/openroad/OpenROAD-flow-scripts/flow/platforms/gf180/gds/7t/gf180mcu_fd_sc_mcu7t5v0__inv_2.gds
	/home/pvc/openroad/Digital-PLL/openroad/OpenROAD-flow-scripts/flow/platforms/gf180/gds/7t/gf180mcu_fd_sc_mcu7t5v0__inv_20.gds
	/home/pvc/openroad/Digital-PLL/openroad/OpenROAD-flow-scripts/flow/platforms/gf180/gds/7t/gf180mcu_fd_sc_mcu7t5v0__inv_3.gds
	/home/pvc/openroad/Digital-PLL/openroad/OpenROAD-flow-scripts/flow/platforms/gf180/gds/7t/gf180mcu_fd_sc_mcu7t5v0__inv_4.gds
	/home/pvc/openroad/Digital-PLL/openroad/OpenROAD-flow-scripts/flow/platforms/gf180/gds/7t/gf180mcu_fd_sc_mcu7t5v0__inv_8.gds
	/home/pvc/openroad/Digital-PLL/openroad/OpenROAD-flow-scripts/flow/platforms/gf180/gds/7t/gf180mcu_fd_sc_mcu7t5v0__invz_1.gds
	/home/pvc/openroad/Digital-PLL/openroad/OpenROAD-flow-scripts/flow/platforms/gf180/gds/7t/gf180mcu_fd_sc_mcu7t5v0__invz_12.gds
	/home/pvc/openroad/Digital-PLL/openroad/OpenROAD-flow-scripts/flow/platforms/gf180/gds/7t/gf180mcu_fd_sc_mcu7t5v0__invz_16.gds
	/home/pvc/openroad/Digital-PLL/openroad/OpenROAD-flow-scripts/flow/platforms/gf180/gds/7t/gf180mcu_fd_sc_mcu7t5v0__invz_2.gds
	/home/pvc/openroad/Digital-PLL/openroad/OpenROAD-flow-scripts/flow/platforms/gf180/gds/7t/gf180mcu_fd_sc_mcu7t5v0__invz_3.gds
	/home/pvc/openroad/Digital-PLL/openroad/OpenROAD-flow-scripts/flow/platforms/gf180/gds/7t/gf180mcu_fd_sc_mcu7t5v0__invz_4.gds
	/home/pvc/openroad/Digital-PLL/openroad/OpenROAD-flow-scripts/flow/platforms/gf180/gds/7t/gf180mcu_fd_sc_mcu7t5v0__invz_8.gds
	/home/pvc/openroad/Digital-PLL/openroad/OpenROAD-flow-scripts/flow/platforms/gf180/gds/7t/gf180mcu_fd_sc_mcu7t5v0__latq_1.gds
	/home/pvc/openroad/Digital-PLL/openroad/OpenROAD-flow-scripts/flow/platforms/gf180/gds/7t/gf180mcu_fd_sc_mcu7t5v0__latq_2.gds
	/home/pvc/openroad/Digital-PLL/openroad/OpenROAD-flow-scripts/flow/platforms/gf180/gds/7t/gf180mcu_fd_sc_mcu7t5v0__latq_4.gds
	/home/pvc/openroad/Digital-PLL/openroad/OpenROAD-flow-scripts/flow/platforms/gf180/gds/7t/gf180mcu_fd_sc_mcu7t5v0__latrnq_1.gds
	/home/pvc/openroad/Digital-PLL/openroad/OpenROAD-flow-scripts/flow/platforms/gf180/gds/7t/gf180mcu_fd_sc_mcu7t5v0__latrnq_2.gds
	/home/pvc/openroad/Digital-PLL/openroad/OpenROAD-flow-scripts/flow/platforms/gf180/gds/7t/gf180mcu_fd_sc_mcu7t5v0__latrnq_4.gds
	/home/pvc/openroad/Digital-PLL/openroad/OpenROAD-flow-scripts/flow/platforms/gf180/gds/7t/gf180mcu_fd_sc_mcu7t5v0__latrsnq_1.gds
	/home/pvc/openroad/Digital-PLL/openroad/OpenROAD-flow-scripts/flow/platforms/gf180/gds/7t/gf180mcu_fd_sc_mcu7t5v0__latrsnq_2.gds
	/home/pvc/openroad/Digital-PLL/openroad/OpenROAD-flow-scripts/flow/platforms/gf180/gds/7t/gf180mcu_fd_sc_mcu7t5v0__latrsnq_4.gds
	/home/pvc/openroad/Digital-PLL/openroad/OpenROAD-flow-scripts/flow/platforms/gf180/gds/7t/gf180mcu_fd_sc_mcu7t5v0__latsnq_1.gds
	/home/pvc/openroad/Digital-PLL/openroad/OpenROAD-flow-scripts/flow/platforms/gf180/gds/7t/gf180mcu_fd_sc_mcu7t5v0__latsnq_2.gds
	/home/pvc/openroad/Digital-PLL/openroad/OpenROAD-flow-scripts/flow/platforms/gf180/gds/7t/gf180mcu_fd_sc_mcu7t5v0__latsnq_4.gds
	/home/pvc/openroad/Digital-PLL/openroad/OpenROAD-flow-scripts/flow/platforms/gf180/gds/7t/gf180mcu_fd_sc_mcu7t5v0__mux2_1.gds
	/home/pvc/openroad/Digital-PLL/openroad/OpenROAD-flow-scripts/flow/platforms/gf180/gds/7t/gf180mcu_fd_sc_mcu7t5v0__mux2_2.gds
	/home/pvc/openroad/Digital-PLL/openroad/OpenROAD-flow-scripts/flow/platforms/gf180/gds/7t/gf180mcu_fd_sc_mcu7t5v0__mux2_4.gds
	/home/pvc/openroad/Digital-PLL/openroad/OpenROAD-flow-scripts/flow/platforms/gf180/gds/7t/gf180mcu_fd_sc_mcu7t5v0__mux4_1.gds
	/home/pvc/openroad/Digital-PLL/openroad/OpenROAD-flow-scripts/flow/platforms/gf180/gds/7t/gf180mcu_fd_sc_mcu7t5v0__mux4_2.gds
	/home/pvc/openroad/Digital-PLL/openroad/OpenROAD-flow-scripts/flow/platforms/gf180/gds/7t/gf180mcu_fd_sc_mcu7t5v0__mux4_4.gds
	/home/pvc/openroad/Digital-PLL/openroad/OpenROAD-flow-scripts/flow/platforms/gf180/gds/7t/gf180mcu_fd_sc_mcu7t5v0__nand2_1.gds
	/home/pvc/openroad/Digital-PLL/openroad/OpenROAD-flow-scripts/flow/platforms/gf180/gds/7t/gf180mcu_fd_sc_mcu7t5v0__nand2_2.gds
	/home/pvc/openroad/Digital-PLL/openroad/OpenROAD-flow-scripts/flow/platforms/gf180/gds/7t/gf180mcu_fd_sc_mcu7t5v0__nand2_4.gds
	/home/pvc/openroad/Digital-PLL/openroad/OpenROAD-flow-scripts/flow/platforms/gf180/gds/7t/gf180mcu_fd_sc_mcu7t5v0__nand3_1.gds
	/home/pvc/openroad/Digital-PLL/openroad/OpenROAD-flow-scripts/flow/platforms/gf180/gds/7t/gf180mcu_fd_sc_mcu7t5v0__nand3_2.gds
	/home/pvc/openroad/Digital-PLL/openroad/OpenROAD-flow-scripts/flow/platforms/gf180/gds/7t/gf180mcu_fd_sc_mcu7t5v0__nand3_4.gds
	/home/pvc/openroad/Digital-PLL/openroad/OpenROAD-flow-scripts/flow/platforms/gf180/gds/7t/gf180mcu_fd_sc_mcu7t5v0__nand4_1.gds
	/home/pvc/openroad/Digital-PLL/openroad/OpenROAD-flow-scripts/flow/platforms/gf180/gds/7t/gf180mcu_fd_sc_mcu7t5v0__nand4_2.gds
	/home/pvc/openroad/Digital-PLL/openroad/OpenROAD-flow-scripts/flow/platforms/gf180/gds/7t/gf180mcu_fd_sc_mcu7t5v0__nand4_4.gds
	/home/pvc/openroad/Digital-PLL/openroad/OpenROAD-flow-scripts/flow/platforms/gf180/gds/7t/gf180mcu_fd_sc_mcu7t5v0__nor2_1.gds
	/home/pvc/openroad/Digital-PLL/openroad/OpenROAD-flow-scripts/flow/platforms/gf180/gds/7t/gf180mcu_fd_sc_mcu7t5v0__nor2_2.gds
	/home/pvc/openroad/Digital-PLL/openroad/OpenROAD-flow-scripts/flow/platforms/gf180/gds/7t/gf180mcu_fd_sc_mcu7t5v0__nor2_4.gds
	/home/pvc/openroad/Digital-PLL/openroad/OpenROAD-flow-scripts/flow/platforms/gf180/gds/7t/gf180mcu_fd_sc_mcu7t5v0__nor3_1.gds
	/home/pvc/openroad/Digital-PLL/openroad/OpenROAD-flow-scripts/flow/platforms/gf180/gds/7t/gf180mcu_fd_sc_mcu7t5v0__nor3_2.gds
	/home/pvc/openroad/Digital-PLL/openroad/OpenROAD-flow-scripts/flow/platforms/gf180/gds/7t/gf180mcu_fd_sc_mcu7t5v0__nor3_4.gds
	/home/pvc/openroad/Digital-PLL/openroad/OpenROAD-flow-scripts/flow/platforms/gf180/gds/7t/gf180mcu_fd_sc_mcu7t5v0__nor4_1.gds
	/home/pvc/openroad/Digital-PLL/openroad/OpenROAD-flow-scripts/flow/platforms/gf180/gds/7t/gf180mcu_fd_sc_mcu7t5v0__nor4_2.gds
	/home/pvc/openroad/Digital-PLL/openroad/OpenROAD-flow-scripts/flow/platforms/gf180/gds/7t/gf180mcu_fd_sc_mcu7t5v0__nor4_4.gds
	/home/pvc/openroad/Digital-PLL/openroad/OpenROAD-flow-scripts/flow/platforms/gf180/gds/7t/gf180mcu_fd_sc_mcu7t5v0__oai211_1.gds
	/home/pvc/openroad/Digital-PLL/openroad/OpenROAD-flow-scripts/flow/platforms/gf180/gds/7t/gf180mcu_fd_sc_mcu7t5v0__oai211_2.gds
	/home/pvc/openroad/Digital-PLL/openroad/OpenROAD-flow-scripts/flow/platforms/gf180/gds/7t/gf180mcu_fd_sc_mcu7t5v0__oai211_4.gds
	/home/pvc/openroad/Digital-PLL/openroad/OpenROAD-flow-scripts/flow/platforms/gf180/gds/7t/gf180mcu_fd_sc_mcu7t5v0__oai21_1.gds
	/home/pvc/openroad/Digital-PLL/openroad/OpenROAD-flow-scripts/flow/platforms/gf180/gds/7t/gf180mcu_fd_sc_mcu7t5v0__oai21_2.gds
	/home/pvc/openroad/Digital-PLL/openroad/OpenROAD-flow-scripts/flow/platforms/gf180/gds/7t/gf180mcu_fd_sc_mcu7t5v0__oai21_4.gds
	/home/pvc/openroad/Digital-PLL/openroad/OpenROAD-flow-scripts/flow/platforms/gf180/gds/7t/gf180mcu_fd_sc_mcu7t5v0__oai221_1.gds
	/home/pvc/openroad/Digital-PLL/openroad/OpenROAD-flow-scripts/flow/platforms/gf180/gds/7t/gf180mcu_fd_sc_mcu7t5v0__oai221_2.gds
	/home/pvc/openroad/Digital-PLL/openroad/OpenROAD-flow-scripts/flow/platforms/gf180/gds/7t/gf180mcu_fd_sc_mcu7t5v0__oai221_4.gds
	/home/pvc/openroad/Digital-PLL/openroad/OpenROAD-flow-scripts/flow/platforms/gf180/gds/7t/gf180mcu_fd_sc_mcu7t5v0__oai222_1.gds
	/home/pvc/openroad/Digital-PLL/openroad/OpenROAD-flow-scripts/flow/platforms/gf180/gds/7t/gf180mcu_fd_sc_mcu7t5v0__oai222_2.gds
	/home/pvc/openroad/Digital-PLL/openroad/OpenROAD-flow-scripts/flow/platforms/gf180/gds/7t/gf180mcu_fd_sc_mcu7t5v0__oai222_4.gds
	/home/pvc/openroad/Digital-PLL/openroad/OpenROAD-flow-scripts/flow/platforms/gf180/gds/7t/gf180mcu_fd_sc_mcu7t5v0__oai22_1.gds
	/home/pvc/openroad/Digital-PLL/openroad/OpenROAD-flow-scripts/flow/platforms/gf180/gds/7t/gf180mcu_fd_sc_mcu7t5v0__oai22_2.gds
	/home/pvc/openroad/Digital-PLL/openroad/OpenROAD-flow-scripts/flow/platforms/gf180/gds/7t/gf180mcu_fd_sc_mcu7t5v0__oai22_4.gds
	/home/pvc/openroad/Digital-PLL/openroad/OpenROAD-flow-scripts/flow/platforms/gf180/gds/7t/gf180mcu_fd_sc_mcu7t5v0__oai31_1.gds
	/home/pvc/openroad/Digital-PLL/openroad/OpenROAD-flow-scripts/flow/platforms/gf180/gds/7t/gf180mcu_fd_sc_mcu7t5v0__oai31_2.gds
	/home/pvc/openroad/Digital-PLL/openroad/OpenROAD-flow-scripts/flow/platforms/gf180/gds/7t/gf180mcu_fd_sc_mcu7t5v0__oai31_4.gds
	/home/pvc/openroad/Digital-PLL/openroad/OpenROAD-flow-scripts/flow/platforms/gf180/gds/7t/gf180mcu_fd_sc_mcu7t5v0__oai32_1.gds
	/home/pvc/openroad/Digital-PLL/openroad/OpenROAD-flow-scripts/flow/platforms/gf180/gds/7t/gf180mcu_fd_sc_mcu7t5v0__oai32_2.gds
	/home/pvc/openroad/Digital-PLL/openroad/OpenROAD-flow-scripts/flow/platforms/gf180/gds/7t/gf180mcu_fd_sc_mcu7t5v0__oai32_4.gds
	/home/pvc/openroad/Digital-PLL/openroad/OpenROAD-flow-scripts/flow/platforms/gf180/gds/7t/gf180mcu_fd_sc_mcu7t5v0__oai33_1.gds
	/home/pvc/openroad/Digital-PLL/openroad/OpenROAD-flow-scripts/flow/platforms/gf180/gds/7t/gf180mcu_fd_sc_mcu7t5v0__oai33_2.gds
	/home/pvc/openroad/Digital-PLL/openroad/OpenROAD-flow-scripts/flow/platforms/gf180/gds/7t/gf180mcu_fd_sc_mcu7t5v0__oai33_4.gds
	/home/pvc/openroad/Digital-PLL/openroad/OpenROAD-flow-scripts/flow/platforms/gf180/gds/7t/gf180mcu_fd_sc_mcu7t5v0__or2_1.gds
	/home/pvc/openroad/Digital-PLL/openroad/OpenROAD-flow-scripts/flow/platforms/gf180/gds/7t/gf180mcu_fd_sc_mcu7t5v0__or2_2.gds
	/home/pvc/openroad/Digital-PLL/openroad/OpenROAD-flow-scripts/flow/platforms/gf180/gds/7t/gf180mcu_fd_sc_mcu7t5v0__or2_4.gds
	/home/pvc/openroad/Digital-PLL/openroad/OpenROAD-flow-scripts/flow/platforms/gf180/gds/7t/gf180mcu_fd_sc_mcu7t5v0__or3_1.gds
	/home/pvc/openroad/Digital-PLL/openroad/OpenROAD-flow-scripts/flow/platforms/gf180/gds/7t/gf180mcu_fd_sc_mcu7t5v0__or3_2.gds
	/home/pvc/openroad/Digital-PLL/openroad/OpenROAD-flow-scripts/flow/platforms/gf180/gds/7t/gf180mcu_fd_sc_mcu7t5v0__or3_4.gds
	/home/pvc/openroad/Digital-PLL/openroad/OpenROAD-flow-scripts/flow/platforms/gf180/gds/7t/gf180mcu_fd_sc_mcu7t5v0__or4_1.gds
	/home/pvc/openroad/Digital-PLL/openroad/OpenROAD-flow-scripts/flow/platforms/gf180/gds/7t/gf180mcu_fd_sc_mcu7t5v0__or4_2.gds
	/home/pvc/openroad/Digital-PLL/openroad/OpenROAD-flow-scripts/flow/platforms/gf180/gds/7t/gf180mcu_fd_sc_mcu7t5v0__or4_4.gds
	/home/pvc/openroad/Digital-PLL/openroad/OpenROAD-flow-scripts/flow/platforms/gf180/gds/7t/gf180mcu_fd_sc_mcu7t5v0__sdffq_1.gds
	/home/pvc/openroad/Digital-PLL/openroad/OpenROAD-flow-scripts/flow/platforms/gf180/gds/7t/gf180mcu_fd_sc_mcu7t5v0__sdffq_2.gds
	/home/pvc/openroad/Digital-PLL/openroad/OpenROAD-flow-scripts/flow/platforms/gf180/gds/7t/gf180mcu_fd_sc_mcu7t5v0__sdffq_4.gds
	/home/pvc/openroad/Digital-PLL/openroad/OpenROAD-flow-scripts/flow/platforms/gf180/gds/7t/gf180mcu_fd_sc_mcu7t5v0__sdffrnq_1.gds
	/home/pvc/openroad/Digital-PLL/openroad/OpenROAD-flow-scripts/flow/platforms/gf180/gds/7t/gf180mcu_fd_sc_mcu7t5v0__sdffrnq_2.gds
	/home/pvc/openroad/Digital-PLL/openroad/OpenROAD-flow-scripts/flow/platforms/gf180/gds/7t/gf180mcu_fd_sc_mcu7t5v0__sdffrnq_4.gds
	/home/pvc/openroad/Digital-PLL/openroad/OpenROAD-flow-scripts/flow/platforms/gf180/gds/7t/gf180mcu_fd_sc_mcu7t5v0__sdffrsnq_1.gds
	/home/pvc/openroad/Digital-PLL/openroad/OpenROAD-flow-scripts/flow/platforms/gf180/gds/7t/gf180mcu_fd_sc_mcu7t5v0__sdffrsnq_2.gds
	/home/pvc/openroad/Digital-PLL/openroad/OpenROAD-flow-scripts/flow/platforms/gf180/gds/7t/gf180mcu_fd_sc_mcu7t5v0__sdffrsnq_4.gds
	/home/pvc/openroad/Digital-PLL/openroad/OpenROAD-flow-scripts/flow/platforms/gf180/gds/7t/gf180mcu_fd_sc_mcu7t5v0__sdffsnq_1.gds
	/home/pvc/openroad/Digital-PLL/openroad/OpenROAD-flow-scripts/flow/platforms/gf180/gds/7t/gf180mcu_fd_sc_mcu7t5v0__sdffsnq_2.gds
	/home/pvc/openroad/Digital-PLL/openroad/OpenROAD-flow-scripts/flow/platforms/gf180/gds/7t/gf180mcu_fd_sc_mcu7t5v0__sdffsnq_4.gds
	/home/pvc/openroad/Digital-PLL/openroad/OpenROAD-flow-scripts/flow/platforms/gf180/gds/7t/gf180mcu_fd_sc_mcu7t5v0__tieh.gds
	/home/pvc/openroad/Digital-PLL/openroad/OpenROAD-flow-scripts/flow/platforms/gf180/gds/7t/gf180mcu_fd_sc_mcu7t5v0__tiel.gds
	/home/pvc/openroad/Digital-PLL/openroad/OpenROAD-flow-scripts/flow/platforms/gf180/gds/7t/gf180mcu_fd_sc_mcu7t5v0__xnor2_1.gds
	/home/pvc/openroad/Digital-PLL/openroad/OpenROAD-flow-scripts/flow/platforms/gf180/gds/7t/gf180mcu_fd_sc_mcu7t5v0__xnor2_2.gds
	/home/pvc/openroad/Digital-PLL/openroad/OpenROAD-flow-scripts/flow/platforms/gf180/gds/7t/gf180mcu_fd_sc_mcu7t5v0__xnor2_4.gds
	/home/pvc/openroad/Digital-PLL/openroad/OpenROAD-flow-scripts/flow/platforms/gf180/gds/7t/gf180mcu_fd_sc_mcu7t5v0__xnor3_1.gds
	/home/pvc/openroad/Digital-PLL/openroad/OpenROAD-flow-scripts/flow/platforms/gf180/gds/7t/gf180mcu_fd_sc_mcu7t5v0__xnor3_2.gds
	/home/pvc/openroad/Digital-PLL/openroad/OpenROAD-flow-scripts/flow/platforms/gf180/gds/7t/gf180mcu_fd_sc_mcu7t5v0__xnor3_4.gds
	/home/pvc/openroad/Digital-PLL/openroad/OpenROAD-flow-scripts/flow/platforms/gf180/gds/7t/gf180mcu_fd_sc_mcu7t5v0__xor2_1.gds
	/home/pvc/openroad/Digital-PLL/openroad/OpenROAD-flow-scripts/flow/platforms/gf180/gds/7t/gf180mcu_fd_sc_mcu7t5v0__xor2_2.gds
	/home/pvc/openroad/Digital-PLL/openroad/OpenROAD-flow-scripts/flow/platforms/gf180/gds/7t/gf180mcu_fd_sc_mcu7t5v0__xor2_4.gds
	/home/pvc/openroad/Digital-PLL/openroad/OpenROAD-flow-scripts/flow/platforms/gf180/gds/7t/gf180mcu_fd_sc_mcu7t5v0__xor3_1.gds
	/home/pvc/openroad/Digital-PLL/openroad/OpenROAD-flow-scripts/flow/platforms/gf180/gds/7t/gf180mcu_fd_sc_mcu7t5v0__xor3_2.gds
	/home/pvc/openroad/Digital-PLL/openroad/OpenROAD-flow-scripts/flow/platforms/gf180/gds/7t/gf180mcu_fd_sc_mcu7t5v0__xor3_4.gds
	./results/gf180/pll_digital_pll_controller/base/6_final.gds
	./results/gf180/pll_ring_osc2x13/base/6_final.gds
[INFO] All LEF cells have matching GDS/OAS cells
[INFO] No orphan cells in the final layout
Elapsed time: 0:00.47[h:]min:sec. CPU time: user 0.38 sys 0.12 (107%). Peak memory: 125888KB.
