OpenROAD 9f7714859944860f802c7c961ba83ab4ae83849f 
Features included (+) or not (-): +GPU +GUI +Python
This program is licensed under the BSD-3 license. See the LICENSE file for details.
Components of this program may be licensed under more restrictive licenses which must be honored.
[INFO ORD-0030] Using 16 thread(s).
read_liberty /home/pvc/openroad/Digital-PLL/openroad/OpenROAD-flow-scripts/flow/platforms/gf180/lib/gf180mcu_fd_sc_mcu7t5v0__ff_n40C_3v60.lib.gz
read_liberty ./results/gf180/pll_digital_pll_controller/base/digital_pll_controller_typ.lib
read_liberty ./results/gf180/pll_ring_osc2x13/base/ring_osc2x13_typ.lib
read_db ./results/gf180/pll/base/6_1_fill.odb
Deleted 0 routing obstructions
[INFO RCX-0431] Defined process_corner X with ext_model_index 0
[INFO RCX-0029] Defined extraction corner X
[INFO RCX-0435] Reading extraction model file /home/pvc/openroad/Digital-PLL/openroad/OpenROAD-flow-scripts/flow/platforms/gf180/openROAD/rcx/gf180mcu_1p5m_1tm_9k_sp_smim_OPTB_bst.rules ...
[INFO RCX-0436] RC segment generation digital_pll (max_merge_res 50.0) ...
[INFO RCX-0040] Final 211 rc segments
[INFO RCX-0439] Coupling Cap extraction digital_pll ...
[INFO RCX-0440] Coupling threshhold is 0.1000 fF, coupling capacitance less than 0.1000 fF will be grounded.
[INFO RCX-0442] 56% of 779 wires extracted
[INFO RCX-0442] 100% of 779 wires extracted
[INFO RCX-0045] Extract 99 nets, 310 rsegs, 310 caps, 597 ccs
[INFO RCX-0443] 99 nets finished
[INFO PSM-0040] All shapes on net VDD are connected.
[INFO PSM-0073] Using bump pattern with x-pitch 140.0000um, y-pitch 140.0000um, and size 70.0000um with an reduction factor of 3x.
########## IR report #################
Net              : VDD
Corner           : default
Supply voltage   : 3.60e+00 V
Worstcase voltage: 3.60e+00 V
Average voltage  : 3.60e+00 V
Average IR drop  : 8.11e-08 V
Worstcase IR drop: 7.91e-07 V
Percentage drop  : 0.00 %
######################################
[INFO PSM-0040] All shapes on net VSS are connected.
[INFO PSM-0073] Using bump pattern with x-pitch 140.0000um, y-pitch 140.0000um, and size 70.0000um with an reduction factor of 3x.
########## IR report #################
Net              : VSS
Corner           : default
Supply voltage   : 0.00e+00 V
Worstcase voltage: 1.14e-06 V
Average voltage  : 9.01e-08 V
Average IR drop  : 9.01e-08 V
Worstcase IR drop: 1.14e-06 V
Percentage drop  : 0.00 %
######################################
Cell type report:                       Count       Area
  Macro                                     2   42453.37
  Endcap cell                             424    1861.53
  Fill cell                              1932  162330.65
  Tap cell                                182     799.05
  Antenna cell                              4      17.56
  Timing Repair Buffer                     36    2844.98
  Total                                  2580  210307.14
Report metrics stage 6, finish...

==========================================================================
finish report_design_area
--------------------------------------------------------------------------
Design area 45316 u^2 20% utilization.
Elapsed time: 0:05.00[h:]min:sec. CPU time: user 1.97 sys 0.51 (49%). Peak memory: 200744KB.
Log                        Elapsed/s Peak Memory/MB  sha1sum .odb [0:20)
6_report                           5            196                  N/A
