
==========================================================================
global route report_tns
--------------------------------------------------------------------------
tns max 0.00

==========================================================================
global route report_wns
--------------------------------------------------------------------------
wns max 0.00

==========================================================================
global route report_worst_slack
--------------------------------------------------------------------------
worst slack max 33.99

==========================================================================
global route report_clock_min_period
--------------------------------------------------------------------------
osc period_min = 66.01 fmax = 15.15

==========================================================================
global route report_clock_skew
--------------------------------------------------------------------------
Clock osc
No launch/capture paths found.


==========================================================================
global route report_checks -path_delay min
--------------------------------------------------------------------------
Startpoint: ext_trim[25] (input port clocked by osc)
Endpoint: clockp[0] (output port clocked by osc)
Path Group: osc
Path Type: min

Fanout     Cap    Slew   Delay    Time   Description
-----------------------------------------------------------------------------
                          0.00    0.00   clock osc (rise edge)
                          0.00    0.00   clock network delay (propagated)
                         20.00   20.00 ^ input external delay
     1    0.01    0.00    0.00   20.00 ^ ext_trim[25] (in)
                                         ext_trim[25] (net)
                  0.00    0.00   20.00 ^ input25/I (gf180mcu_fd_sc_mcu7t5v0__dlyd_2)
     1    0.02    0.20    1.94   21.94 ^ input25/Z (gf180mcu_fd_sc_mcu7t5v0__dlyd_2)
                                         net25 (net)
                  0.10    0.00   21.94 ^ ringosc/ext_trim[25] (ring_osc2x13)
     3    0.10    0.77    6.11   28.05 ^ ringosc/clockp[0] (ring_osc2x13)
                                         net35 (net)
                  1.54    0.00   28.05 ^ output35/I (gf180mcu_fd_sc_mcu7t5v0__dlyd_2)
     1    0.00    0.10    1.87   29.92 ^ output35/Z (gf180mcu_fd_sc_mcu7t5v0__dlyd_2)
                                         clockp[0] (net)
                  0.10    0.00   29.92 ^ clockp[0] (out)
                                 29.92   data arrival time

                          0.00    0.00   clock osc (rise edge)
                          0.00    0.00   clock network delay (propagated)
                          0.00    0.00   clock reconvergence pessimism
                        -20.00  -20.00   output external delay
                                -20.00   data required time
-----------------------------------------------------------------------------
                                -20.00   data required time
                                -29.92   data arrival time
-----------------------------------------------------------------------------
                                 49.92   slack (MET)



==========================================================================
global route report_checks -path_delay max
--------------------------------------------------------------------------
Startpoint: dco (input port clocked by osc)
Endpoint: clockp[1] (output port clocked by osc)
Path Group: osc
Path Type: max

Fanout     Cap    Slew   Delay    Time   Description
-----------------------------------------------------------------------------
                          0.00    0.00   clock osc (rise edge)
                          0.00    0.00   clock network delay (propagated)
                         20.00   20.00 v input external delay
     1    0.01    0.00    0.00   20.00 v dco (in)
                                         dco (net)
                  0.00    0.00   20.00 v input1/I (gf180mcu_fd_sc_mcu7t5v0__dlyd_2)
     2    0.15    0.70    2.53   22.53 v input1/Z (gf180mcu_fd_sc_mcu7t5v0__dlyd_2)
                                         net1 (net)
                  0.35    0.00   22.53 v ringosc/dco (ring_osc2x13)
     1    0.05    0.39   21.03   43.56 v ringosc/clockp[1] (ring_osc2x13)
                                         net36 (net)
                  0.77    0.00   43.56 v output36/I (gf180mcu_fd_sc_mcu7t5v0__dlyd_2)
     1    0.04    0.33    2.45   46.01 v output36/Z (gf180mcu_fd_sc_mcu7t5v0__dlyd_2)
                                         clockp[1] (net)
                  0.33    0.00   46.01 v clockp[1] (out)
                                 46.01   data arrival time

                        100.00  100.00   clock osc (rise edge)
                          0.00  100.00   clock network delay (propagated)
                          0.00  100.00   clock reconvergence pessimism
                        -20.00   80.00   output external delay
                                 80.00   data required time
-----------------------------------------------------------------------------
                                 80.00   data required time
                                -46.01   data arrival time
-----------------------------------------------------------------------------
                                 33.99   slack (MET)



==========================================================================
global route report_checks -unconstrained
--------------------------------------------------------------------------
Startpoint: dco (input port clocked by osc)
Endpoint: clockp[1] (output port clocked by osc)
Path Group: osc
Path Type: max

Fanout     Cap    Slew   Delay    Time   Description
-----------------------------------------------------------------------------
                          0.00    0.00   clock osc (rise edge)
                          0.00    0.00   clock network delay (propagated)
                         20.00   20.00 v input external delay
     1    0.01    0.00    0.00   20.00 v dco (in)
                                         dco (net)
                  0.00    0.00   20.00 v input1/I (gf180mcu_fd_sc_mcu7t5v0__dlyd_2)
     2    0.15    0.70    2.53   22.53 v input1/Z (gf180mcu_fd_sc_mcu7t5v0__dlyd_2)
                                         net1 (net)
                  0.35    0.00   22.53 v ringosc/dco (ring_osc2x13)
     1    0.05    0.39   21.03   43.56 v ringosc/clockp[1] (ring_osc2x13)
                                         net36 (net)
                  0.77    0.00   43.56 v output36/I (gf180mcu_fd_sc_mcu7t5v0__dlyd_2)
     1    0.04    0.33    2.45   46.01 v output36/Z (gf180mcu_fd_sc_mcu7t5v0__dlyd_2)
                                         clockp[1] (net)
                  0.33    0.00   46.01 v clockp[1] (out)
                                 46.01   data arrival time

                        100.00  100.00   clock osc (rise edge)
                          0.00  100.00   clock network delay (propagated)
                          0.00  100.00   clock reconvergence pessimism
                        -20.00   80.00   output external delay
                                 80.00   data required time
-----------------------------------------------------------------------------
                                 80.00   data required time
                                -46.01   data arrival time
-----------------------------------------------------------------------------
                                 33.99   slack (MET)



==========================================================================
global route report_check_types -max_slew -max_cap -max_fanout -violators
--------------------------------------------------------------------------

==========================================================================
global route max_slew_check_slack
--------------------------------------------------------------------------
3.659686326980591

==========================================================================
global route max_slew_check_limit
--------------------------------------------------------------------------
5.199999809265137

==========================================================================
global route max_slew_check_slack_limit
--------------------------------------------------------------------------
0.7038

==========================================================================
global route max_fanout_check_slack
--------------------------------------------------------------------------
1.0000000150474662e+30

==========================================================================
global route max_fanout_check_limit
--------------------------------------------------------------------------
1.0000000150474662e+30

==========================================================================
global route max_capacitance_check_slack
--------------------------------------------------------------------------
0.5558465123176575

==========================================================================
global route max_capacitance_check_limit
--------------------------------------------------------------------------
0.7106999754905701

==========================================================================
global route max_capacitance_check_slack_limit
--------------------------------------------------------------------------
0.7821

==========================================================================
global route max_slew_violation_count
--------------------------------------------------------------------------
max slew violation count 0

==========================================================================
global route max_fanout_violation_count
--------------------------------------------------------------------------
max fanout violation count 0

==========================================================================
global route max_cap_violation_count
--------------------------------------------------------------------------
max cap violation count 0

==========================================================================
global route setup_violation_count
--------------------------------------------------------------------------
setup violation count 0

==========================================================================
global route hold_violation_count
--------------------------------------------------------------------------
hold violation count 0

==========================================================================
global route report_checks -path_delay max reg to reg
--------------------------------------------------------------------------
No paths found.

==========================================================================
global route report_checks -path_delay min reg to reg
--------------------------------------------------------------------------
No paths found.

==========================================================================
global route critical path target clock latency max path
--------------------------------------------------------------------------
0

==========================================================================
global route critical path target clock latency min path
--------------------------------------------------------------------------
0

==========================================================================
global route critical path source clock latency min path
--------------------------------------------------------------------------
0

==========================================================================
global route critical path delay
--------------------------------------------------------------------------
46.0083

==========================================================================
global route critical path slack
--------------------------------------------------------------------------
33.9917

==========================================================================
global route slack div critical path delay
--------------------------------------------------------------------------
73.881669

==========================================================================
global route report_power
--------------------------------------------------------------------------
Group                  Internal  Switching    Leakage      Total
                          Power      Power      Power      Power (Watts)
----------------------------------------------------------------
Sequential             0.00e+00   0.00e+00   0.00e+00   0.00e+00   0.0%
Combinational          1.43e-05   9.24e-06   5.25e-09   2.36e-05  99.9%
Clock                  3.19e-11   0.00e+00   1.64e-08   1.65e-08   0.1%
Macro                  0.00e+00   0.00e+00   0.00e+00   0.00e+00   0.0%
Pad                    0.00e+00   0.00e+00   0.00e+00   0.00e+00   0.0%
----------------------------------------------------------------
Total                  1.43e-05   9.24e-06   2.17e-08   2.36e-05 100.0%
                          60.8%      39.1%       0.1%
