
==========================================================================
global place report_tns
--------------------------------------------------------------------------
tns max 0.00

==========================================================================
global place report_wns
--------------------------------------------------------------------------
wns max 0.00

==========================================================================
global place report_worst_slack
--------------------------------------------------------------------------
worst slack max INF

==========================================================================
global place report_clock_min_period
--------------------------------------------------------------------------

==========================================================================
global place report_checks -path_delay min
--------------------------------------------------------------------------
No paths found.

==========================================================================
global place report_checks -path_delay max
--------------------------------------------------------------------------
No paths found.

==========================================================================
global place report_checks -unconstrained
--------------------------------------------------------------------------
Startpoint: dco (input port)
Endpoint: output58/Z (internal pin)
Path Group: unconstrained
Path Type: max

Fanout     Cap    Slew   Delay    Time   Description
-----------------------------------------------------------------------------
                          0.00    0.00 v input external delay
     1    0.01    0.00    0.00    0.00 v dco (in)
                                         dco (net)
                  0.00    0.00    0.00 v input2/I (gf180mcu_fd_sc_mcu7t5v0__dlyd_2)
    26    0.32    1.30    3.11    3.11 v input2/Z (gf180mcu_fd_sc_mcu7t5v0__dlyd_2)
                                         net2 (net)
                  1.30    0.00    3.11 v _30_/S (gf180mcu_fd_sc_mcu7t5v0__mux2_4)
     2    0.01    0.16    0.69    3.80 ^ _30_/Z (gf180mcu_fd_sc_mcu7t5v0__mux2_4)
                                         dstage[9].id.trim[0] (net)
                  0.16    0.00    3.80 ^ dstage[9].id.delayen0/EN (gf180mcu_fd_sc_mcu7t5v0__invz_2)
     3    0.04    0.21    0.31    4.11 v dstage[9].id.delayen0/ZN (gf180mcu_fd_sc_mcu7t5v0__invz_2)
                                         dstage[10].id.in (net)
                  0.21    0.00    4.11 v dstage[10].id.delayenb1/I (gf180mcu_fd_sc_mcu7t5v0__invz_4)
     1    0.02    0.10    0.42    4.53 ^ dstage[10].id.delayenb1/ZN (gf180mcu_fd_sc_mcu7t5v0__invz_4)
                                         dstage[10].id.d1 (net)
                  0.16    0.00    4.53 ^ dstage[10].id.delayint0/I (gf180mcu_fd_sc_mcu7t5v0__clkinv_2)
     1    0.01    0.08    0.08    4.60 v dstage[10].id.delayint0/ZN (gf180mcu_fd_sc_mcu7t5v0__clkinv_2)
                                         dstage[10].id.d2 (net)
                  0.08    0.00    4.60 v dstage[10].id.delayen0/I (gf180mcu_fd_sc_mcu7t5v0__invz_2)
     3    0.04    0.29    0.49    5.09 ^ dstage[10].id.delayen0/ZN (gf180mcu_fd_sc_mcu7t5v0__invz_2)
                                         dstage[10].id.out (net)
                  0.29    0.00    5.09 ^ dstage[11].id.delayenb1/I (gf180mcu_fd_sc_mcu7t5v0__invz_4)
     1    0.02    0.10    0.35    5.44 v dstage[11].id.delayenb1/ZN (gf180mcu_fd_sc_mcu7t5v0__invz_4)
                                         dstage[11].id.d1 (net)
                  0.14    0.00    5.44 v dstage[11].id.delayint0/I (gf180mcu_fd_sc_mcu7t5v0__clkinv_2)
     1    0.01    0.09    0.09    5.53 ^ dstage[11].id.delayint0/ZN (gf180mcu_fd_sc_mcu7t5v0__clkinv_2)
                                         dstage[11].id.d2 (net)
                  0.09    0.00    5.53 ^ dstage[11].id.delayen0/I (gf180mcu_fd_sc_mcu7t5v0__invz_2)
     3    0.04    0.22    0.45    5.98 v dstage[11].id.delayen0/ZN (gf180mcu_fd_sc_mcu7t5v0__invz_2)
                                         dstage[11].id.out (net)
                  0.22    0.00    5.98 v iss.delayenb0/I (gf180mcu_fd_sc_mcu7t5v0__invz_8)
     4    0.05    0.14    0.47    6.45 ^ iss.delayenb0/ZN (gf180mcu_fd_sc_mcu7t5v0__invz_8)
                                         dstage[0].id.in (net)
                  0.88    0.00    6.45 ^ dstage[0].id.delayenb1/I (gf180mcu_fd_sc_mcu7t5v0__invz_4)
     1    0.02    0.10    0.38    6.83 v dstage[0].id.delayenb1/ZN (gf180mcu_fd_sc_mcu7t5v0__invz_4)
                                         dstage[0].id.d1 (net)
                  0.14    0.00    6.83 v dstage[0].id.delayint0/I (gf180mcu_fd_sc_mcu7t5v0__clkinv_2)
     1    0.01    0.08    0.08    6.91 ^ dstage[0].id.delayint0/ZN (gf180mcu_fd_sc_mcu7t5v0__clkinv_2)
                                         dstage[0].id.d2 (net)
                  0.08    0.00    6.91 ^ dstage[0].id.delayen0/I (gf180mcu_fd_sc_mcu7t5v0__invz_2)
     3    0.04    0.22    0.45    7.37 v dstage[0].id.delayen0/ZN (gf180mcu_fd_sc_mcu7t5v0__invz_2)
                                         dstage[0].id.out (net)
                  0.22    0.00    7.37 v dstage[1].id.delayenb1/I (gf180mcu_fd_sc_mcu7t5v0__invz_4)
     1    0.02    0.10    0.42    7.79 ^ dstage[1].id.delayenb1/ZN (gf180mcu_fd_sc_mcu7t5v0__invz_4)
                                         dstage[1].id.d1 (net)
                  0.16    0.00    7.79 ^ dstage[1].id.delayint0/I (gf180mcu_fd_sc_mcu7t5v0__clkinv_2)
     1    0.01    0.08    0.07    7.87 v dstage[1].id.delayint0/ZN (gf180mcu_fd_sc_mcu7t5v0__clkinv_2)
                                         dstage[1].id.d2 (net)
                  0.08    0.00    7.87 v dstage[1].id.delayen0/I (gf180mcu_fd_sc_mcu7t5v0__invz_2)
     3    0.04    0.32    0.50    8.37 ^ dstage[1].id.delayen0/ZN (gf180mcu_fd_sc_mcu7t5v0__invz_2)
                                         dstage[1].id.out (net)
                  0.32    0.00    8.37 ^ dstage[2].id.delayenb1/I (gf180mcu_fd_sc_mcu7t5v0__invz_4)
     1    0.02    0.09    0.35    8.72 v dstage[2].id.delayenb1/ZN (gf180mcu_fd_sc_mcu7t5v0__invz_4)
                                         dstage[2].id.d1 (net)
                  0.14    0.00    8.72 v dstage[2].id.delayint0/I (gf180mcu_fd_sc_mcu7t5v0__clkinv_2)
     1    0.01    0.09    0.09    8.81 ^ dstage[2].id.delayint0/ZN (gf180mcu_fd_sc_mcu7t5v0__clkinv_2)
                                         dstage[2].id.d2 (net)
                  0.09    0.00    8.81 ^ dstage[2].id.delayen0/I (gf180mcu_fd_sc_mcu7t5v0__invz_2)
     3    0.04    0.23    0.47    9.27 v dstage[2].id.delayen0/ZN (gf180mcu_fd_sc_mcu7t5v0__invz_2)
                                         dstage[2].id.out (net)
                  0.23    0.00    9.27 v dstage[3].id.delayenb1/I (gf180mcu_fd_sc_mcu7t5v0__invz_4)
     1    0.02    0.10    0.43    9.70 ^ dstage[3].id.delayenb1/ZN (gf180mcu_fd_sc_mcu7t5v0__invz_4)
                                         dstage[3].id.d1 (net)
                  0.16    0.00    9.70 ^ dstage[3].id.delayint0/I (gf180mcu_fd_sc_mcu7t5v0__clkinv_2)
     1    0.01    0.08    0.08    9.77 v dstage[3].id.delayint0/ZN (gf180mcu_fd_sc_mcu7t5v0__clkinv_2)
                                         dstage[3].id.d2 (net)
                  0.08    0.00    9.77 v dstage[3].id.delayen0/I (gf180mcu_fd_sc_mcu7t5v0__invz_2)
     3    0.04    0.32    0.51   10.28 ^ dstage[3].id.delayen0/ZN (gf180mcu_fd_sc_mcu7t5v0__invz_2)
                                         dstage[3].id.out (net)
                  0.32    0.00   10.28 ^ dstage[4].id.delayenb1/I (gf180mcu_fd_sc_mcu7t5v0__invz_4)
     1    0.02    0.10    0.36   10.64 v dstage[4].id.delayenb1/ZN (gf180mcu_fd_sc_mcu7t5v0__invz_4)
                                         dstage[4].id.d1 (net)
                  0.15    0.00   10.64 v dstage[4].id.delayint0/I (gf180mcu_fd_sc_mcu7t5v0__clkinv_2)
     1    0.01    0.09    0.09   10.73 ^ dstage[4].id.delayint0/ZN (gf180mcu_fd_sc_mcu7t5v0__clkinv_2)
                                         dstage[4].id.d2 (net)
                  0.09    0.00   10.73 ^ dstage[4].id.delayen0/I (gf180mcu_fd_sc_mcu7t5v0__invz_2)
     3    0.04    0.22    0.46   11.19 v dstage[4].id.delayen0/ZN (gf180mcu_fd_sc_mcu7t5v0__invz_2)
                                         dstage[4].id.out (net)
                  0.22    0.00   11.19 v dstage[5].id.delayenb1/I (gf180mcu_fd_sc_mcu7t5v0__invz_4)
     1    0.02    0.10    0.42   11.61 ^ dstage[5].id.delayenb1/ZN (gf180mcu_fd_sc_mcu7t5v0__invz_4)
                                         dstage[5].id.d1 (net)
                  0.16    0.00   11.61 ^ dstage[5].id.delayint0/I (gf180mcu_fd_sc_mcu7t5v0__clkinv_2)
     1    0.01    0.08    0.08   11.69 v dstage[5].id.delayint0/ZN (gf180mcu_fd_sc_mcu7t5v0__clkinv_2)
                                         dstage[5].id.d2 (net)
                  0.08    0.00   11.69 v dstage[5].id.delayen0/I (gf180mcu_fd_sc_mcu7t5v0__invz_2)
     4    0.05    0.39    0.55   12.24 ^ dstage[5].id.delayen0/ZN (gf180mcu_fd_sc_mcu7t5v0__invz_2)
                                         dstage[5].id.out (net)
                  0.39    0.00   12.24 ^ dstage[6].id.delayenb1/I (gf180mcu_fd_sc_mcu7t5v0__invz_4)
     1    0.02    0.09    0.36   12.61 v dstage[6].id.delayenb1/ZN (gf180mcu_fd_sc_mcu7t5v0__invz_4)
                                         dstage[6].id.d1 (net)
                  0.14    0.00   12.61 v dstage[6].id.delayint0/I (gf180mcu_fd_sc_mcu7t5v0__clkinv_2)
     1    0.01    0.09    0.09   12.69 ^ dstage[6].id.delayint0/ZN (gf180mcu_fd_sc_mcu7t5v0__clkinv_2)
                                         dstage[6].id.d2 (net)
                  0.09    0.00   12.69 ^ dstage[6].id.delayen0/I (gf180mcu_fd_sc_mcu7t5v0__invz_2)
     3    0.04    0.22    0.46   13.15 v dstage[6].id.delayen0/ZN (gf180mcu_fd_sc_mcu7t5v0__invz_2)
                                         dstage[6].id.out (net)
                  0.22    0.00   13.15 v dstage[7].id.delayenb1/I (gf180mcu_fd_sc_mcu7t5v0__invz_4)
     1    0.02    0.10    0.42   13.57 ^ dstage[7].id.delayenb1/ZN (gf180mcu_fd_sc_mcu7t5v0__invz_4)
                                         dstage[7].id.d1 (net)
                  0.16    0.00   13.57 ^ dstage[7].id.delayint0/I (gf180mcu_fd_sc_mcu7t5v0__clkinv_2)
     1    0.01    0.08    0.08   13.65 v dstage[7].id.delayint0/ZN (gf180mcu_fd_sc_mcu7t5v0__clkinv_2)
                                         dstage[7].id.d2 (net)
                  0.08    0.00   13.65 v dstage[7].id.delayen0/I (gf180mcu_fd_sc_mcu7t5v0__invz_2)
     3    0.04    0.30    0.49   14.14 ^ dstage[7].id.delayen0/ZN (gf180mcu_fd_sc_mcu7t5v0__invz_2)
                                         dstage[7].id.out (net)
                  0.30    0.00   14.14 ^ dstage[8].id.delayenb1/I (gf180mcu_fd_sc_mcu7t5v0__invz_4)
     1    0.02    0.10    0.35   14.49 v dstage[8].id.delayenb1/ZN (gf180mcu_fd_sc_mcu7t5v0__invz_4)
                                         dstage[8].id.d1 (net)
                  0.14    0.00   14.49 v dstage[8].id.delayint0/I (gf180mcu_fd_sc_mcu7t5v0__clkinv_2)
     1    0.01    0.09    0.09   14.58 ^ dstage[8].id.delayint0/ZN (gf180mcu_fd_sc_mcu7t5v0__clkinv_2)
                                         dstage[8].id.d2 (net)
                  0.09    0.00   14.58 ^ dstage[8].id.delayen0/I (gf180mcu_fd_sc_mcu7t5v0__invz_2)
     3    0.04    0.22    0.45   15.03 v dstage[8].id.delayen0/ZN (gf180mcu_fd_sc_mcu7t5v0__invz_2)
                                         dstage[8].id.out (net)
                  0.22    0.00   15.03 v dstage[9].id.delayenb0/I (gf180mcu_fd_sc_mcu7t5v0__invz_8)
     3    0.04    0.12    0.44   15.48 ^ dstage[9].id.delayenb0/ZN (gf180mcu_fd_sc_mcu7t5v0__invz_8)
                                         dstage[10].id.in (net)
                  0.29    0.00   15.48 ^ dstage[10].id.delayenb0/I (gf180mcu_fd_sc_mcu7t5v0__invz_8)
     3    0.04    0.11    0.36   15.83 v dstage[10].id.delayenb0/ZN (gf180mcu_fd_sc_mcu7t5v0__invz_8)
                                         dstage[10].id.out (net)
                  0.22    0.00   15.83 v dstage[11].id.delayenb0/I (gf180mcu_fd_sc_mcu7t5v0__invz_8)
     3    0.04    0.12    0.44   16.28 ^ dstage[11].id.delayenb0/ZN (gf180mcu_fd_sc_mcu7t5v0__invz_8)
                                         dstage[11].id.out (net)
                  0.30    0.00   16.28 ^ iss.delayen1/I (gf180mcu_fd_sc_mcu7t5v0__invz_2)
     1    0.01    0.12    0.38   16.66 v iss.delayen1/ZN (gf180mcu_fd_sc_mcu7t5v0__invz_2)
                                         iss.d1 (net)
                  0.12    0.00   16.66 v iss.delayint0/I (gf180mcu_fd_sc_mcu7t5v0__clkinv_1)
     1    0.01    0.12    0.11   16.76 ^ iss.delayint0/ZN (gf180mcu_fd_sc_mcu7t5v0__clkinv_1)
                                         iss.d2 (net)
                  0.12    0.00   16.76 ^ iss.delayen0/I (gf180mcu_fd_sc_mcu7t5v0__invz_2)
     4    0.05    0.27    0.51   17.27 v iss.delayen0/ZN (gf180mcu_fd_sc_mcu7t5v0__invz_2)
                                         dstage[0].id.in (net)
                  0.46    0.00   17.27 v dstage[0].id.delayenb0/I (gf180mcu_fd_sc_mcu7t5v0__invz_8)
     3    0.04    0.12    0.52   17.79 ^ dstage[0].id.delayenb0/ZN (gf180mcu_fd_sc_mcu7t5v0__invz_8)
                                         dstage[0].id.out (net)
                  0.30    0.00   17.79 ^ dstage[1].id.delayenb0/I (gf180mcu_fd_sc_mcu7t5v0__invz_8)
     3    0.04    0.11    0.36   18.15 v dstage[1].id.delayenb0/ZN (gf180mcu_fd_sc_mcu7t5v0__invz_8)
                                         dstage[1].id.out (net)
                  0.23    0.00   18.15 v dstage[2].id.delayenb0/I (gf180mcu_fd_sc_mcu7t5v0__invz_8)
     3    0.04    0.12    0.45   18.61 ^ dstage[2].id.delayenb0/ZN (gf180mcu_fd_sc_mcu7t5v0__invz_8)
                                         dstage[2].id.out (net)
                  0.32    0.00   18.61 ^ dstage[3].id.delayenb0/I (gf180mcu_fd_sc_mcu7t5v0__invz_8)
     3    0.04    0.11    0.37   18.97 v dstage[3].id.delayenb0/ZN (gf180mcu_fd_sc_mcu7t5v0__invz_8)
                                         dstage[3].id.out (net)
                  0.23    0.00   18.97 v dstage[4].id.delayenb0/I (gf180mcu_fd_sc_mcu7t5v0__invz_8)
     3    0.04    0.12    0.45   19.42 ^ dstage[4].id.delayenb0/ZN (gf180mcu_fd_sc_mcu7t5v0__invz_8)
                                         dstage[4].id.out (net)
                  0.31    0.00   19.43 ^ dstage[5].id.delayenb0/I (gf180mcu_fd_sc_mcu7t5v0__invz_8)
     4    0.05    0.12    0.38   19.80 v dstage[5].id.delayenb0/ZN (gf180mcu_fd_sc_mcu7t5v0__invz_8)
                                         dstage[5].id.out (net)
                  0.27    0.00   19.80 v ibufp10/I (gf180mcu_fd_sc_mcu7t5v0__clkinv_2)
     1    0.03    0.26    0.24   20.04 ^ ibufp10/ZN (gf180mcu_fd_sc_mcu7t5v0__clkinv_2)
                                         c[1] (net)
                  0.26    0.00   20.04 ^ ibufp11/I (gf180mcu_fd_sc_mcu7t5v0__clkinv_8)
     1    0.00    0.07    0.05   20.09 v ibufp11/ZN (gf180mcu_fd_sc_mcu7t5v0__clkinv_8)
                                         net58 (net)
                  0.07    0.00   20.09 v output58/I (gf180mcu_fd_sc_mcu7t5v0__dlyd_2)
     0    0.01    0.22    2.19   22.29 v output58/Z (gf180mcu_fd_sc_mcu7t5v0__dlyd_2)
                                         clockp[1] (net)
                                 22.29   data arrival time
-----------------------------------------------------------------------------
(Path is unconstrained)



==========================================================================
global place report_power
--------------------------------------------------------------------------
Group                  Internal  Switching    Leakage      Total
                          Power      Power      Power      Power (Watts)
----------------------------------------------------------------
Sequential             0.00e+00   0.00e+00   0.00e+00   0.00e+00   0.0%
Combinational          4.65e-03   1.09e-03   2.10e-08   5.74e-03 100.0%
Clock                  0.00e+00   0.00e+00   2.23e-09   2.23e-09   0.0%
Macro                  0.00e+00   0.00e+00   0.00e+00   0.00e+00   0.0%
Pad                    0.00e+00   0.00e+00   0.00e+00   0.00e+00   0.0%
----------------------------------------------------------------
Total                  4.65e-03   1.09e-03   2.32e-08   5.74e-03 100.0%
                          81.0%      19.0%       0.0%
