Yosys 0.57+72 (git sha1 fa02d71f6, x86_64-conda-linux-gnu-c++ 11.2.0 -fvisibility-inlines-hidden -fmessage-length=0 -march=nocona -mtune=haswell -ftree-vectorize -fPIC -fstack-protector-strong -fno-plt -O2 -ffunction-sections -fdebug-prefix-map=/home/runner/work/conda-opensource-eda/conda-opensource-eda/workdir/conda-env/conda-bld/yosys_1757723646908/work=/usr/local/src/conda/yosys-0.57_73_gfa02d71f6 -fdebug-prefix-map=/home/pvc/eda-env/envs/py312=/usr/local/src/conda-prefix -fPIC -O3)
Using ABC speed script.
Extracting clock period from SDC file: ./results/gf180/pll_digital_pll_controller/base/clock_period.txt
Setting clock period to 100
1. Executing Liberty frontend: ./objects/gf180/pll_digital_pll_controller/base/lib/gf180mcu_fd_sc_mcu7t5v0__ff_n40C_3v60.lib
2. Executing Liberty frontend: ./objects/gf180/pll_digital_pll_controller/base/lib/gf180mcu_fd_sc_mcu7t5v0__ff_n40C_3v60.lib
3. Executing Verilog-2005 frontend: /home/pvc/openroad/Digital-PLL/RTL/digital_pll.v
4. Executing Verilog-2005 frontend: /home/pvc/openroad/Digital-PLL/RTL/digital_pll_controller_mod.v
5. Executing Verilog-2005 frontend: /home/pvc/openroad/Digital-PLL/RTL/ring_osc2x13_mod.v
6. Executing HIERARCHY pass (managing design hierarchy).
7. Executing AST frontend in derive mode using pre-parsed AST for module `\digital_pll_controller'.
7.1. Analyzing design hierarchy..
7.2. Analyzing design hierarchy..
8. Executing OPT_CLEAN pass (remove unused cells and wires).
Warning: Ignoring module digital_pll_controller because it contains processes (run 'proc' command first).
9. Executing RTLIL backend.
Warnings: 1 unique messages, 1 total
End of script. Logfile hash: 7d3e62f416, CPU: user 0.31s system 0.06s, MEM: 66.36 MB peak
Yosys 0.57+72 (git sha1 fa02d71f6, x86_64-conda-linux-gnu-c++ 11.2.0 -fvisibility-inlines-hidden -fmessage-length=0 -march=nocona -mtune=haswell -ftree-vectorize -fPIC -fstack-protector-strong -fno-plt -O2 -ffunction-sections -fdebug-prefix-map=/home/runner/work/conda-opensource-eda/conda-opensource-eda/workdir/conda-env/conda-bld/yosys_1757723646908/work=/usr/local/src/conda/yosys-0.57_73_gfa02d71f6 -fdebug-prefix-map=/home/pvc/eda-env/envs/py312=/usr/local/src/conda-prefix -fPIC -O3)
Time spent: 91% 4x read_liberty (0 sec), 3% 2x write_rtlil (0 sec), ...
Elapsed time: 0:00.50[h:]min:sec. CPU time: user 0.41 sys 0.07 (96%). Peak memory: 71232KB.
