OpenROAD 9f7714859944860f802c7c961ba83ab4ae83849f 
Features included (+) or not (-): +GPU +GUI +Python
This program is licensed under the BSD-3 license. See the LICENSE file for details.
Components of this program may be licensed under more restrictive licenses which must be honored.
[INFO ORD-0030] Using 16 thread(s).
read_liberty /home/pvc/openroad/Digital-PLL/openroad/OpenROAD-flow-scripts/flow/platforms/gf180/lib/gf180mcu_fd_sc_mcu7t5v0__ff_n40C_3v60.lib.gz
read_db ./results/gf180/pll_digital_pll_controller/base/2_floorplan.odb
global_placement -skip_io -density 0.55 -pad_left 0 -pad_right 0
[INFO GPL-0005] Execute conjugate gradient initial placement.
[INFO GPL-0002] DBU: 2000
[INFO GPL-0003] SiteSize: (  0.560  3.920 ) um
[INFO GPL-0004] CoreBBox: (  2.240  3.920 ) ( 160.720 160.720 ) um
[INFO GPL-0006] Number of instances:               204
[INFO GPL-0007] Movable instances:                 183
[INFO GPL-0008] Fixed instances:                    21
[INFO GPL-0009] Dummy instances:                     0
[INFO GPL-0010] Number of nets:                    212
[INFO GPL-0011] Number of pins:                    626
[INFO GPL-0012] Die BBox:  (  0.000  0.000 ) ( 162.805 162.805 ) um
[INFO GPL-0013] Core BBox: (  2.240  3.920 ) ( 160.720 160.720 ) um
[INFO GPL-0016] Core area:                   24849.664 um^2
[INFO GPL-0017] Fixed instances area:           92.198 um^2
[INFO GPL-0018] Movable instances area:       6304.614 um^2
[INFO GPL-0019] Utilization:                    25.466 %
[INFO GPL-0020] Standard cells area:          6304.614 um^2
[INFO GPL-0021] Large instances area:            0.000 um^2
[INFO GPL-0023] Placement target density:       0.5500
[INFO GPL-0024] Movable insts average area:     34.451 um^2
[INFO GPL-0025] Ideal bin area:                 62.639 um^2
[INFO GPL-0026] Ideal bin count:                   396
[INFO GPL-0027] Total bin area:              24849.664 um^2
[INFO GPL-0028] Bin count (X, Y):          16 ,     16
[INFO GPL-0029] Bin size (W * H):       9.905 *  9.800 um
[INFO GPL-0030] Number of bins:                    256
[INFO GPL-0007] Execute nesterov global placement.
[INFO GPL-0031] HPWL: Half-Perimeter Wirelength
Iteration | Overflow |     HPWL (um) |  HPWL(%) |   Penalty | Group
---------------------------------------------------------------
        0 |   0.9552 |  9.781900e+02 |   +0.00% |  1.57e-15 |      
       10 |   0.9343 |  7.934750e+02 |  -18.88% |  2.56e-15 |      
       20 |   0.9292 |  7.865150e+02 |   -0.88% |  4.18e-15 |      
       30 |   0.9306 |  7.860835e+02 |   -0.05% |  6.80e-15 |      
       40 |   0.9313 |  7.854940e+02 |   -0.07% |  1.11e-14 |      
       50 |   0.9306 |  7.858135e+02 |   +0.04% |  1.80e-14 |      
       60 |   0.9306 |  7.861970e+02 |   +0.05% |  2.94e-14 |      
       70 |   0.9306 |  7.869805e+02 |   +0.10% |  4.79e-14 |      
       80 |   0.9302 |  7.889730e+02 |   +0.25% |  7.80e-14 |      
       90 |   0.9295 |  7.923230e+02 |   +0.42% |  1.27e-13 |      
      100 |   0.9286 |  7.977900e+02 |   +0.69% |  2.07e-13 |      
      110 |   0.9277 |  8.055890e+02 |   +0.98% |  3.37e-13 |      
      120 |   0.9274 |  8.153030e+02 |   +1.21% |  5.49e-13 |      
      130 |   0.9271 |  8.255900e+02 |   +1.26% |  8.95e-13 |      
      140 |   0.9263 |  8.344545e+02 |   +1.07% |  1.46e-12 |      
      150 |   0.9246 |  8.447400e+02 |   +1.23% |  2.37e-12 |      
      160 |   0.9032 |  8.945785e+02 |   +5.90% |  3.87e-12 |      
      170 |   0.8929 |  9.681890e+02 |   +8.23% |  6.30e-12 |      
      180 |   0.8399 |  1.056713e+03 |   +9.14% |  1.03e-11 |      
      190 |   0.8106 |  1.171213e+03 |  +10.84% |  1.67e-11 |      
      200 |   0.7601 |  1.319942e+03 |  +12.70% |  2.72e-11 |      
      210 |   0.7328 |  1.444220e+03 |   +9.42% |  4.43e-11 |      
      220 |   0.6930 |  1.707917e+03 |  +18.26% |  7.22e-11 |      
      230 |   0.6621 |  1.837379e+03 |   +7.58% |  1.18e-10 |      
      240 |   0.6150 |  1.970009e+03 |   +7.22% |  1.92e-10 |      
      250 |   0.5783 |  2.155669e+03 |   +9.42% |  3.12e-10 |      
      260 |   0.5296 |  2.296666e+03 |   +6.54% |  5.08e-10 |      
      270 |   0.4978 |  2.481536e+03 |   +8.05% |  8.28e-10 |      
      280 |   0.4486 |  2.616762e+03 |   +5.45% |  1.35e-09 |      
      290 |   0.3916 |  2.728894e+03 |   +4.29% |  2.20e-09 |      
      300 |   0.3407 |  2.841619e+03 |   +4.13% |  3.54e-09 |      
      310 |   0.3027 |  2.922505e+03 |   +2.85% |  5.22e-09 |      
      320 |   0.2662 |  2.986117e+03 |   +2.18% |  7.69e-09 |      
      330 |   0.2297 |  3.029983e+03 |   +1.47% |  1.13e-08 |      
      340 |   0.2005 |  3.077794e+03 |   +1.58% |  1.67e-08 |      
      350 |   0.1708 |  3.136464e+03 |   +1.91% |  2.46e-08 |      
      360 |   0.1420 |  3.193031e+03 |   +1.80% |  3.62e-08 |      
      370 |   0.1121 |  3.199759e+03 |   +0.21% |  5.33e-08 |      
      377 |   0.0971 |  3.252745e+03 |          |  7.27e-08 |      
---------------------------------------------------------------
[INFO GPL-1001] Global placement finished at iteration 377
[INFO GPL-1002] Placed Cell Area             6304.6144
[INFO GPL-1003] Available Free Area         24757.4656
[INFO GPL-1004] Minimum Feasible Density        0.2600 (cell_area / free_area)
[INFO GPL-1006]   Suggested Target Densities:
[INFO GPL-1007]     - For 90% usage of free space: 0.2830
[INFO GPL-1008]     - For 80% usage of free space: 0.3183
[INFO GPL-1009]     - For 50% usage of free space: 0.5093
[INFO GPL-1014] Final placement area: 6304.61 (+0.00%)
Elapsed time: 0:00.67[h:]min:sec. CPU time: user 2.14 sys 0.08 (329%). Peak memory: 130932KB.
Log                        Elapsed/s Peak Memory/MB  sha1sum .odb [0:20)
3_1_place_gp_skip_io               0            127 307cfb7733346ad3e62d
