OpenROAD 9f7714859944860f802c7c961ba83ab4ae83849f 
Features included (+) or not (-): +GPU +GUI +Python
This program is licensed under the BSD-3 license. See the LICENSE file for details.
Components of this program may be licensed under more restrictive licenses which must be honored.
[INFO ORD-0030] Using 16 thread(s).
read_liberty /home/pvc/openroad/Digital-PLL/openroad/OpenROAD-flow-scripts/flow/platforms/gf180/lib/gf180mcu_fd_sc_mcu7t5v0__ff_n40C_3v60.lib.gz
read_db ./results/gf180/pll_digital_pll_controller/base/3_2_place_iop.odb
[INFO RSZ-0026] Removed 4 buffers.
Perform port buffering...
[INFO RSZ-0027] Inserted 9 gf180mcu_fd_sc_mcu7t5v0__dlyd_2 input buffers.
[INFO RSZ-0028] Inserted 26 gf180mcu_fd_sc_mcu7t5v0__dlyd_2 output buffers.
global_placement -density 0.55 -pad_left 0 -pad_right 0 -routability_driven -timing_driven
[INFO GPL-0005] Execute conjugate gradient initial placement.
[INFO GPL-0002] DBU: 2000
[INFO GPL-0003] SiteSize: (  0.560  3.920 ) um
[INFO GPL-0004] CoreBBox: (  2.240  3.920 ) ( 160.720 160.720 ) um
[INFO GPL-0006] Number of instances:               235
[INFO GPL-0007] Movable instances:                 214
[INFO GPL-0008] Fixed instances:                    21
[INFO GPL-0009] Dummy instances:                     0
[INFO GPL-0010] Number of nets:                    243
[INFO GPL-0011] Number of pins:                    724
[INFO GPL-0012] Die BBox:  (  0.000  0.000 ) ( 162.805 162.805 ) um
[INFO GPL-0013] Core BBox: (  2.240  3.920 ) ( 160.720 160.720 ) um
[INFO GPL-0016] Core area:                   24849.664 um^2
[INFO GPL-0017] Fixed instances area:           92.198 um^2
[INFO GPL-0018] Movable instances area:       9000.320 um^2
[INFO GPL-0019] Utilization:                    36.354 %
[INFO GPL-0020] Standard cells area:          9000.320 um^2
[INFO GPL-0021] Large instances area:            0.000 um^2
[InitialPlace]  Iter: 1 conjugate gradient residual: 0.00000011 HPWL: 21762993
[InitialPlace]  Iter: 2 conjugate gradient residual: 0.00000009 HPWL: 10310721
[InitialPlace]  Iter: 3 conjugate gradient residual: 0.00000010 HPWL: 10102081
[InitialPlace]  Iter: 4 conjugate gradient residual: 0.00000011 HPWL: 10060898
[InitialPlace]  Iter: 5 conjugate gradient residual: 0.00000008 HPWL: 10055528
[INFO GPL-0023] Placement target density:       0.5500
[INFO GPL-0024] Movable insts average area:     42.058 um^2
[INFO GPL-0025] Ideal bin area:                 76.468 um^2
[INFO GPL-0026] Ideal bin count:                   324
[INFO GPL-0027] Total bin area:              24849.664 um^2
[INFO GPL-0028] Bin count (X, Y):          16 ,     16
[INFO GPL-0029] Bin size (W * H):       9.905 *  9.800 um
[INFO GPL-0030] Number of bins:                    256
[INFO GPL-0007] Execute nesterov global placement.
[INFO GPL-0031] HPWL: Half-Perimeter Wirelength
Iteration | Overflow |     HPWL (um) |  HPWL(%) |   Penalty | Group
---------------------------------------------------------------
        0 |   0.8903 |  1.313822e+03 |   +0.00% |  3.76e-16 |      
       10 |   0.8872 |  1.353620e+03 |   +3.03% |  6.13e-16 |      
       20 |   0.8866 |  1.352094e+03 |   -0.11% |  9.98e-16 |      
       30 |   0.8862 |  1.355243e+03 |   +0.23% |  1.63e-15 |      
       40 |   0.8858 |  1.358331e+03 |   +0.23% |  2.65e-15 |      
       50 |   0.8856 |  1.359839e+03 |   +0.11% |  4.32e-15 |      
       60 |   0.8856 |  1.360061e+03 |   +0.02% |  7.03e-15 |      
       70 |   0.8856 |  1.359264e+03 |   -0.06% |  1.14e-14 |      
       80 |   0.8857 |  1.358512e+03 |   -0.06% |  1.87e-14 |      
       90 |   0.8857 |  1.358279e+03 |   -0.02% |  3.04e-14 |      
      100 |   0.8856 |  1.358944e+03 |   +0.05% |  4.95e-14 |      
      110 |   0.8854 |  1.361345e+03 |   +0.18% |  8.06e-14 |      
      120 |   0.8850 |  1.366749e+03 |   +0.40% |  1.31e-13 |      
      130 |   0.8844 |  1.381096e+03 |   +1.05% |  2.14e-13 |      
      140 |   0.8835 |  1.411620e+03 |   +2.21% |  3.48e-13 |      
      150 |   0.8817 |  1.464074e+03 |   +3.72% |  5.67e-13 |      
      160 |   0.8645 |  1.542439e+03 |   +5.35% |  9.24e-13 |      
      170 |   0.8556 |  1.633092e+03 |   +5.88% |  1.51e-12 |      
      180 |   0.8540 |  1.739553e+03 |   +6.52% |  2.45e-12 |      
      190 |   0.8285 |  1.875664e+03 |   +7.82% |  3.99e-12 |      
      200 |   0.8123 |  2.064499e+03 |  +10.07% |  6.51e-12 |      
      210 |   0.7885 |  2.268733e+03 |   +9.89% |  1.06e-11 |      
      220 |   0.7600 |  2.468965e+03 |   +8.83% |  1.73e-11 |      
      230 |   0.7211 |  2.721086e+03 |  +10.21% |  2.81e-11 |      
      240 |   0.6980 |  2.939220e+03 |   +8.02% |  4.58e-11 |      
      250 |   0.6488 |  3.213369e+03 |   +9.33% |  7.46e-11 |      
[INFO GPL-0100] Timing-driven iteration 1/2, virtual: false.
[INFO GPL-0101]    Iter: 258, overflow: 0.633, keep resizer changes at: 1, HPWL: 6797782
Iteration |   Area    | Resized | Buffers | Nets repaired | Remaining
---------------------------------------------------------------------
        0 |     +0.0% |       0 |       0 |             0 |       243
    final |     +0.0% |       0 |       0 |             0 |         0
---------------------------------------------------------------------
   Iter   |    Area   | Removed | Inserted |   Pins
          |           | Buffers | Buffers  | Remaining
-------------------------------------------------------
        0 |     +0.0% |       0 |        0 |       233
       23 |     +0.0% |       0 |        0 |       210
       46 |     +0.0% |       0 |        0 |       187
       69 |     +0.0% |       0 |        0 |       164
       92 |     +0.0% |       0 |        0 |       141
      115 |     +0.0% |       0 |        0 |       118
      138 |     +0.0% |       0 |        0 |        95
      161 |     +0.0% |       0 |        0 |        72
      184 |     +0.0% |       0 |        0 |        49
      207 |     +0.0% |       0 |        0 |        26
      230 |     +0.0% |       0 |        0 |         3
    final |     +0.0% |       0 |        0 |         0
-------------------------------------------------------
[INFO GPL-0106] Timing-driven: worst slack 2.3e-09
[INFO GPL-0107] Timing-driven: repair_design delta area: 0.000 um^2 (+0.00%)
[INFO GPL-0108] Timing-driven: repair_design, gpl cells created: 0 (+0.00%)
[INFO GPL-0110] Timing-driven: new target density: 0.55
Iteration | Overflow |     HPWL (um) |  HPWL(%) |   Penalty | Group
---------------------------------------------------------------
      260 |   0.6196 |  3.513534e+03 |   +9.34% |  1.21e-10 |      
[INFO GPL-0038] Routability snapshot saved at iter = 267
      270 |   0.5932 |  3.661760e+03 |   +4.22% |  1.98e-10 |      
      280 |   0.5499 |  3.963528e+03 |   +8.24% |  3.22e-10 |      
      290 |   0.4989 |  4.219552e+03 |   +6.46% |  5.25e-10 |      
      300 |   0.4663 |  4.463526e+03 |   +5.78% |  8.55e-10 |      
      310 |   0.4016 |  4.655171e+03 |   +4.29% |  1.39e-09 |      
      320 |   0.3457 |  4.765489e+03 |   +2.37% |  2.27e-09 |      
      330 |   0.3131 |  4.885431e+03 |   +2.52% |  3.38e-09 |      
[INFO GPL-0040] Routability iteration: 1
[INFO GPL-0041] Total routing overflow: 0.0000
[INFO GPL-0042] Number of overflowed tiles: 0 (0.00%)
[INFO GPL-0043] Average top 0.5% routing congestion: 0.8933
[INFO GPL-0044] Average top 1.0% routing congestion: 0.8886
[INFO GPL-0045] Average top 2.0% routing congestion: 0.8665
[INFO GPL-0046] Average top 5.0% routing congestion: 0.8183
[INFO GPL-0047] Routability iteration weighted routing congestion: 0.8909
[INFO GPL-0050] Weighted routing congestion is lower than target routing congestion(1.0100), end routability optimization.
[INFO GPL-0090] Routability finished. Target routing congestion achieved succesfully.
Iteration | Overflow |     HPWL (um) |  HPWL(%) |   Penalty | Group
---------------------------------------------------------------
      340 |   0.2832 |  4.986333e+03 |   +2.07% |  4.97e-09 |      
      350 |   0.2335 |  5.076880e+03 |   +1.82% |  7.33e-09 |      
      360 |   0.2034 |  5.156376e+03 |   +1.57% |  1.08e-08 |      
[INFO GPL-0100] Timing-driven iteration 2/2, virtual: false.
[INFO GPL-0101]    Iter: 369, overflow: 0.195, keep resizer changes at: 1, HPWL: 10416979
Iteration |   Area    | Resized | Buffers | Nets repaired | Remaining
---------------------------------------------------------------------
        0 |     +0.0% |       0 |       0 |             0 |       243
    final |     +0.0% |       0 |       0 |             0 |         0
---------------------------------------------------------------------
   Iter   |    Area   | Removed | Inserted |   Pins
          |           | Buffers | Buffers  | Remaining
-------------------------------------------------------
        0 |     +0.0% |       0 |        0 |       233
       23 |     +0.0% |       0 |        0 |       210
       46 |     +0.0% |       0 |        0 |       187
       69 |     +0.0% |       0 |        0 |       164
       92 |     +0.0% |       0 |        0 |       141
      115 |     +0.0% |       0 |        0 |       118
      138 |     +0.0% |       0 |        0 |        95
      161 |     +0.0% |       0 |        0 |        72
      184 |     +0.0% |       0 |        0 |        49
      207 |     +0.0% |       0 |        0 |        26
      230 |     +0.0% |       0 |        0 |         3
    final |     +0.0% |       0 |        0 |         0
-------------------------------------------------------
[INFO GPL-0106] Timing-driven: worst slack 2.31e-09
[INFO GPL-0107] Timing-driven: repair_design delta area: 0.000 um^2 (+0.00%)
[INFO GPL-0108] Timing-driven: repair_design, gpl cells created: 0 (+0.00%)
[INFO GPL-0110] Timing-driven: new target density: 0.55
Iteration | Overflow |     HPWL (um) |  HPWL(%) |   Penalty | Group
---------------------------------------------------------------
      370 |   0.1885 |  5.227292e+03 |   +1.38% |  1.59e-08 |      
      380 |   0.1454 |  5.315334e+03 |   +1.68% |  2.34e-08 |      
      390 |   0.1288 |  5.357481e+03 |   +0.79% |  3.45e-08 |      
      400 |   0.1048 |  5.407794e+03 |   +0.94% |  5.08e-08 |      
      405 |   0.0994 |  5.450442e+03 |          |  6.41e-08 |      
---------------------------------------------------------------
[INFO GPL-1001] Global placement finished at iteration 405
[INFO GPL-1003] Routability mode iteration count: 68
[INFO GPL-1005] Routability final weighted congestion: 0.9126
[INFO GPL-1002] Placed Cell Area             9000.3200
[INFO GPL-1003] Available Free Area         24757.4656
[INFO GPL-1004] Minimum Feasible Density        0.3700 (cell_area / free_area)
[INFO GPL-1006]   Suggested Target Densities:
[INFO GPL-1007]     - For 90% usage of free space: 0.4039
[INFO GPL-1008]     - For 80% usage of free space: 0.4544
[INFO GPL-1009]     - For 50% usage of free space: 0.7271
[INFO GPL-1011] Original area (um^2): 9000.32
[INFO GPL-1012] Total routability artificial inflation: 0.00 (+0.00%)
[INFO GPL-1013] Total timing-driven delta area: 0.00 (+0.00%)
[INFO GPL-1014] Final placement area: 9000.32 (+0.00%)
Report metrics stage 3, global place...

==========================================================================
global place report_design_area
--------------------------------------------------------------------------
Design area 9000 u^2 36% utilization.
Elapsed time: 0:01.52[h:]min:sec. CPU time: user 4.08 sys 0.78 (319%). Peak memory: 191640KB.
Log                        Elapsed/s Peak Memory/MB  sha1sum .odb [0:20)
3_3_place_gp                       1            187 dcb1a51661473c768ad7
