OpenROAD 9f7714859944860f802c7c961ba83ab4ae83849f 
Features included (+) or not (-): +GPU +GUI +Python
This program is licensed under the BSD-3 license. See the LICENSE file for details.
Components of this program may be licensed under more restrictive licenses which must be honored.
[INFO ORD-0030] Using 16 thread(s).
read_liberty /home/pvc/openroad/Digital-PLL/openroad/OpenROAD-flow-scripts/flow/platforms/gf180/lib/gf180mcu_fd_sc_mcu7t5v0__ff_n40C_3v60.lib.gz
read_db ./results/gf180/pll_digital_pll_controller/base/3_3_place_gp.odb
Perform buffer insertion and gate resizing...
repair_design -verbose
Iteration |   Area    | Resized | Buffers | Nets repaired | Remaining
---------------------------------------------------------------------
        0 |     +0.0% |       0 |       0 |             0 |       243
       10 |     +0.0% |       0 |       0 |             0 |       233
       20 |     +0.0% |       0 |       0 |             0 |       223
       30 |     +0.0% |       0 |       0 |             0 |       213
       40 |     +0.0% |       0 |       0 |             0 |       203
       50 |     +0.0% |       0 |       0 |             0 |       193
       60 |     +0.0% |       0 |       0 |             0 |       183
       70 |     +0.0% |       0 |       0 |             0 |       173
       80 |     +0.0% |       0 |       0 |             0 |       163
       90 |     +0.0% |       0 |       0 |             0 |       153
      100 |     +0.0% |       0 |       0 |             0 |       143
      110 |     +0.0% |       0 |       0 |             0 |       133
      120 |     +0.0% |       0 |       0 |             0 |       123
      130 |     +0.0% |       0 |       0 |             0 |       113
      140 |     +0.0% |       0 |       0 |             0 |       103
      150 |     +0.0% |       0 |       0 |             0 |        93
      160 |     +0.0% |       0 |       0 |             0 |        83
      170 |     +0.0% |       0 |       0 |             0 |        73
      180 |     +0.0% |       0 |       0 |             0 |        63
      190 |     +0.0% |       0 |       0 |             0 |        53
      200 |     +0.0% |       0 |       0 |             0 |        43
      210 |     +0.0% |       0 |       0 |             0 |        33
      220 |     +0.0% |       0 |       0 |             0 |        23
      230 |     +0.0% |       0 |       0 |             0 |        13
      240 |     +0.0% |       0 |       0 |             0 |         3
    final |     +0.0% |       0 |       0 |             0 |         0
---------------------------------------------------------------------
Floating nets: 
Report metrics stage 3, resizer...

==========================================================================
resizer report_design_area
--------------------------------------------------------------------------
Design area 9000 u^2 36% utilization.
Instance count before 315, after 315
Pin count before 688, after 688
Elapsed time: 0:01.29[h:]min:sec. CPU time: user 0.81 sys 0.83 (126%). Peak memory: 144660KB.
Log                        Elapsed/s Peak Memory/MB  sha1sum .odb [0:20)
3_4_place_resized                  1            141 dcb1a51661473c768ad7
