OpenROAD 9f7714859944860f802c7c961ba83ab4ae83849f 
Features included (+) or not (-): +GPU +GUI +Python
This program is licensed under the BSD-3 license. See the LICENSE file for details.
Components of this program may be licensed under more restrictive licenses which must be honored.
[INFO ORD-0030] Using 16 thread(s).
read_liberty /home/pvc/openroad/Digital-PLL/openroad/OpenROAD-flow-scripts/flow/platforms/gf180/lib/gf180mcu_fd_sc_mcu7t5v0__ff_n40C_3v60.lib.gz
read_db ./results/gf180/pll_digital_pll_controller/base/4_cts.odb
[INFO DRT-0149] Reading tech and libs.
[WARNING DRT-0349] LEF58_ENCLOSURE with no CUTCLASS is not supported. Skipping for layer Via1
[WARNING DRT-0349] LEF58_ENCLOSURE with no CUTCLASS is not supported. Skipping for layer Via1
[WARNING DRT-0349] LEF58_ENCLOSURE with no CUTCLASS is not supported. Skipping for layer Via2
[WARNING DRT-0349] LEF58_ENCLOSURE with no CUTCLASS is not supported. Skipping for layer Via2
[WARNING DRT-0349] LEF58_ENCLOSURE with no CUTCLASS is not supported. Skipping for layer Via3
[WARNING DRT-0349] LEF58_ENCLOSURE with no CUTCLASS is not supported. Skipping for layer Via3
[WARNING DRT-0349] LEF58_ENCLOSURE with no CUTCLASS is not supported. Skipping for layer Via4
[WARNING DRT-0349] LEF58_ENCLOSURE with no CUTCLASS is not supported. Skipping for layer Via4

Units:                2000
Number of layers:     11
Number of macros:     229
Number of vias:       63
Number of viarulegen: 18

[INFO DRT-0150] Reading design.

Design:                   digital_pll_controller
Die area:                 ( 0 0 ) ( 325610 325610 )
Number of track patterns: 10
Number of DEF vias:       0
Number of components:     319
Number of terminals:      36
Number of snets:          2
Number of nets:           246

[INFO DRT-0167] List of default vias:
  Layer Via2
    default via: Via2_VH
  Layer Via3
    default via: Via3_HV
  Layer Via4
    default via: Via4_1_VH
[INFO DRT-0162] Library cell analysis.
[INFO DRT-0163] Instance analysis.
[INFO DRT-0164] Number of unique instances = 49.
[INFO DRT-0168] Init region query.
[INFO DRT-0024]   Complete Poly2.
[INFO DRT-0024]   Complete CON.
[INFO DRT-0024]   Complete Metal1.
[INFO DRT-0024]   Complete Via1.
[INFO DRT-0024]   Complete Metal2.
[INFO DRT-0024]   Complete Via2.
[INFO DRT-0024]   Complete Metal3.
[INFO DRT-0024]   Complete Via3.
[INFO DRT-0024]   Complete Metal4.
[INFO DRT-0024]   Complete Via4.
[INFO DRT-0024]   Complete Metal5.
[INFO DRT-0033] Poly2 shape region query size = 0.
[INFO DRT-0033] CON shape region query size = 0.
[INFO DRT-0033] Metal1 shape region query size = 7365.
[INFO DRT-0033] Via1 shape region query size = 576.
[INFO DRT-0033] Metal2 shape region query size = 288.
[INFO DRT-0033] Via2 shape region query size = 1152.
[INFO DRT-0033] Metal3 shape region query size = 288.
[INFO DRT-0033] Via3 shape region query size = 1152.
[INFO DRT-0033] Metal4 shape region query size = 187.
[INFO DRT-0033] Via4 shape region query size = 0.
[INFO DRT-0033] Metal5 shape region query size = 0.
[INFO DRT-0165] Start pin access.
[INFO DRT-0078]   Complete 248 pins.
[INFO DRT-0081]   Complete 45 unique inst patterns.
[INFO DRT-0084]   Complete 151 groups.
#scanned instances     = 319
#unique  instances     = 49
#stdCellGenAp          = 1260
#stdCellValidPlanarAp  = 0
#stdCellValidViaAp     = 876
#stdCellPinNoAp        = 0
#stdCellPinCnt         = 695
#instTermValidViaApCnt = 0
#macroGenAp            = 0
#macroValidPlanarAp    = 0
#macroValidViaAp       = 0
#macroNoAp             = 0
[INFO DRT-0166] Complete pin access.
[INFO DRT-0267] cpu time = 00:00:05, elapsed time = 00:00:00, memory = 124.22 (MB), peak = 124.22 (MB)
global_route -congestion_report_file ./reports/gf180/pll_digital_pll_controller/base/congestion.rpt -congestion_iterations 30 -congestion_report_iter_step 5 -verbose
[INFO GRT-0020] Min routing layer: Metal2
[INFO GRT-0021] Max routing layer: Metal4
[INFO GRT-0022] Global adjustment: 0%
[INFO GRT-0023] Grid origin: (0, 0)
[INFO GRT-0088] Layer Metal1  Track-Pitch = 0.5600  line-2-Via Pitch: 0.4750
[INFO GRT-0088] Layer Metal2  Track-Pitch = 0.5600  line-2-Via Pitch: 0.5600
[INFO GRT-0088] Layer Metal3  Track-Pitch = 0.5600  line-2-Via Pitch: 0.5600
[INFO GRT-0088] Layer Metal4  Track-Pitch = 0.5600  line-2-Via Pitch: 0.5600
[INFO GRT-0003] Macros: 0
[INFO GRT-0004] Blockages: 0
[INFO GRT-0019] Found 4 clock nets.
[INFO GRT-0001] Minimum degree: 2
[INFO GRT-0002] Maximum degree: 24

[INFO GRT-0053] Routing resources analysis:
          Routing      Original      Derated      Resource
Layer     Direction    Resources     Resources    Reduction (%)
---------------------------------------------------------------
Metal1     Horizontal          0             0          0.00%
Metal2     Vertical         5510          3132          43.16%
Metal3     Horizontal       5510          3716          32.56%
Metal4     Vertical         5510          3114          43.48%
---------------------------------------------------------------

[INFO GRT-0101] Running extra iterations to remove overflow.
[INFO GRT-0197] Via related to pin nodes: 1206
[INFO GRT-0198] Via related Steiner nodes: 23
[INFO GRT-0199] Via filling finished.
[INFO GRT-0111] Final number of vias: 1489
[INFO GRT-0112] Final usage 3D: 5295

[INFO GRT-0096] Final congestion report:
Layer         Resource        Demand        Usage (%)    Max H / Max V / Total Overflow
---------------------------------------------------------------------------------------
Metal1               0             0            0.00%             0 /  0 /  0
Metal2            3132           439           14.02%             0 /  0 /  0
Metal3            3716           348            9.36%             0 /  0 /  0
Metal4            3114            41            1.32%             0 /  0 /  0
---------------------------------------------------------------------------------------
Total             9962           828            8.31%             0 /  0 /  0

[INFO GRT-0018] Total wirelength: 11298 um
[INFO GRT-0014] Routed nets: 246
Perform buffer insertion and gate resizing...
repair_design -verbose
Iteration |   Area    | Resized | Buffers | Nets repaired | Remaining
---------------------------------------------------------------------
        0 |     +0.0% |       0 |       0 |             0 |       247
       10 |     +0.0% |       0 |       0 |             0 |       237
       20 |     +0.0% |       0 |       0 |             0 |       227
       30 |     +0.0% |       0 |       0 |             0 |       217
       40 |     +0.0% |       0 |       0 |             0 |       207
       50 |     +0.0% |       0 |       0 |             0 |       197
       60 |     +0.0% |       0 |       0 |             0 |       187
       70 |     +0.0% |       0 |       0 |             0 |       177
       80 |     +0.0% |       0 |       0 |             0 |       167
       90 |     +0.0% |       0 |       0 |             0 |       157
      100 |     +0.0% |       0 |       0 |             0 |       147
      110 |     +0.0% |       0 |       0 |             0 |       137
      120 |     +0.0% |       0 |       0 |             0 |       127
      130 |     +0.0% |       0 |       0 |             0 |       117
      140 |     +0.0% |       0 |       0 |             0 |       107
      150 |     +0.0% |       0 |       0 |             0 |        97
      160 |     +0.0% |       0 |       0 |             0 |        87
      170 |     +0.0% |       0 |       0 |             0 |        77
      180 |     +0.0% |       0 |       0 |             0 |        67
      190 |     +0.0% |       0 |       0 |             0 |        57
      200 |     +0.0% |       0 |       0 |             0 |        47
      210 |     +0.0% |       0 |       0 |             0 |        37
      220 |     +0.0% |       0 |       0 |             0 |        27
      230 |     +0.0% |       0 |       0 |             0 |        17
      240 |     +0.0% |       0 |       0 |             0 |         7
    final |     +0.0% |       0 |       0 |             0 |         0
---------------------------------------------------------------------
global_route -start_incremental
detailed_placement
Placement Analysis
---------------------------------
total displacement          0.0 u
average displacement        0.0 u
max displacement            0.0 u
original HPWL            5990.5 u
legalized HPWL           5990.5 u
delta HPWL                    0 %

global_route -end_incremental -congestion_report_file ./reports/gf180/pll_digital_pll_controller/base/congestion_post_repair_design.rpt
Repair setup and hold violations...
repair_timing -verbose -setup_margin 0 -repair_tns 100
[INFO RSZ-0100] Repair move sequence: UnbufferMove SizeUpMove SwapPinsMove BufferMove CloneMove SplitLoadMove 
[INFO RSZ-0098] No setup violations found
[INFO RSZ-0033] No hold violations found.
global_route -start_incremental
detailed_placement
Placement Analysis
---------------------------------
total displacement          0.0 u
average displacement        0.0 u
max displacement            0.0 u
original HPWL            5990.5 u
legalized HPWL           5990.5 u
delta HPWL                    0 %

global_route -end_incremental -congestion_report_file ./reports/gf180/pll_digital_pll_controller/base/congestion_post_repair_timing.rpt
global_route -start_incremental
global_route -end_incremental -congestion_report_file ./reports/gf180/pll_digital_pll_controller/base/congestion_post_recover_power.rpt
Repair antennas...
[INFO GRT-0012] Found 0 antenna violations.
[INFO ANT-0002] Found 0 net violations.
[INFO ANT-0001] Found 0 pin violations.
Estimate parasitics...
Report metrics stage 5, global route...

==========================================================================
global route report_design_area
--------------------------------------------------------------------------
Design area 9176 u^2 37% utilization.
[INFO FLW-0007] clock ring_clk period 20.000000
[INFO FLW-0008] Clock ring_clk period 7.748
[INFO FLW-0009] Clock ring_clk slack 11.844
[INFO FLW-0011] Path endpoint path count 73
Elapsed time: 0:02.35[h:]min:sec. CPU time: user 7.13 sys 1.42 (363%). Peak memory: 202196KB.
Log                        Elapsed/s Peak Memory/MB  sha1sum .odb [0:20)
5_1_grt                            2            197 66580ed1420e4f2954af
