OpenROAD 9f7714859944860f802c7c961ba83ab4ae83849f 
Features included (+) or not (-): +GPU +GUI +Python
This program is licensed under the BSD-3 license. See the LICENSE file for details.
Components of this program may be licensed under more restrictive licenses which must be honored.
[INFO ORD-0030] Using 16 thread(s).
read_liberty /home/pvc/openroad/Digital-PLL/openroad/OpenROAD-flow-scripts/flow/platforms/gf180/lib/gf180mcu_fd_sc_mcu7t5v0__ff_n40C_3v60.lib.gz
read_db ./results/gf180/pll_digital_pll_controller/base/6_1_fill.odb
Deleted 0 routing obstructions
[INFO RCX-0431] Defined process_corner X with ext_model_index 0
[INFO RCX-0029] Defined extraction corner X
[INFO RCX-0435] Reading extraction model file /home/pvc/openroad/Digital-PLL/openroad/OpenROAD-flow-scripts/flow/platforms/gf180/openROAD/rcx/gf180mcu_1p5m_1tm_9k_sp_smim_OPTB_bst.rules ...
[INFO RCX-0436] RC segment generation digital_pll_controller (max_merge_res 50.0) ...
[INFO RCX-0040] Final 723 rc segments
[INFO RCX-0439] Coupling Cap extraction digital_pll_controller ...
[INFO RCX-0440] Coupling threshhold is 0.1000 fF, coupling capacitance less than 0.1000 fF will be grounded.
[INFO RCX-0442] 46% of 1409 wires extracted
[INFO RCX-0442] 100% of 1409 wires extracted
[INFO RCX-0045] Extract 246 nets, 969 rsegs, 969 caps, 1262 ccs
[INFO RCX-0443] 246 nets finished
[INFO PSM-0040] All shapes on net VDD are connected.
[INFO PSM-0073] Using bump pattern with x-pitch 140.0000um, y-pitch 140.0000um, and size 70.0000um with an reduction factor of 3x.
########## IR report #################
Net              : VDD
Corner           : default
Supply voltage   : 3.60e+00 V
Worstcase voltage: 3.60e+00 V
Average voltage  : 3.60e+00 V
Average IR drop  : 1.46e-04 V
Worstcase IR drop: 2.42e-04 V
Percentage drop  : 0.01 %
######################################
[INFO PSM-0040] All shapes on net VSS are connected.
[INFO PSM-0073] Using bump pattern with x-pitch 140.0000um, y-pitch 140.0000um, and size 70.0000um with an reduction factor of 3x.
########## IR report #################
Net              : VSS
Corner           : default
Supply voltage   : 0.00e+00 V
Worstcase voltage: 1.80e-04 V
Average voltage  : 1.42e-04 V
Average IR drop  : 1.42e-04 V
Worstcase IR drop: 1.80e-04 V
Percentage drop  : 0.00 %
######################################
Cell type report:                       Count       Area
  Endcap cell                              80     351.23
  Fill cell                               520   15230.30
  Tap cell                                 21      92.20
  Clock buffer                              4     175.62
  Timing Repair Buffer                     35    2765.95
  Inverter                                 17     223.91
  Sequential cell                          23    1817.63
  Multi-Input combinational cell          139    4192.83
  Total                                   839   24849.66
Report metrics stage 6, finish...

==========================================================================
finish report_design_area
--------------------------------------------------------------------------
Design area 9176 u^2 37% utilization.
Elapsed time: 0:02.45[h:]min:sec. CPU time: user 1.91 sys 1.13 (124%). Peak memory: 197724KB.
Log                        Elapsed/s Peak Memory/MB  sha1sum .odb [0:20)
6_report                           2            193                  N/A
